"C:/Users/Lt Gravemind/Documents/Unreal Projects/DownTheVerse/DownTheVerse.uproject" 1
"../../../Engine/Plugins/2D/Paper2D/Paper2D.uplugin" 2
"../../../Engine/Plugins/Developer/BlankPlugin/BlankPlugin.uplugin" 3
"../../../Engine/Plugins/Developer/GitSourceControl/GitSourceControl.uplugin" 4
"../../../Engine/Plugins/Developer/KDevelopSourceCodeAccess/KDevelopSourceCodeAccess.uplugin" 5
"../../../Engine/Plugins/Developer/PerforceSourceControl/PerforceSourceControl.uplugin" 6
"../../../Engine/Plugins/Developer/SubversionSourceControl/SubversionSourceControl.uplugin" 7
"../../../Engine/Plugins/Developer/UObjectPlugin/UObjectPlugin.uplugin" 8
"../../../Engine/Plugins/Developer/VisualStudioSourceCodeAccess/VisualStudioSourceCodeAccess.uplugin" 9
"../../../Engine/Plugins/Developer/XCodeSourceCodeAccess/XCodeSourceCodeAccess.uplugin" 10
"../../../Engine/Plugins/Editor/EpicSurvey/EpicSurvey.uplugin" 11
"../../../Engine/Plugins/Editor/MacGraphicsSwitching/MacGraphicsSwitching.uplugin" 12
"../../../Engine/Plugins/Editor/PluginsEditor/PluginsEditor.uplugin" 13
"../../../Engine/Plugins/Editor/SpeedTreeImporter/SpeedTreeImporter.uplugin" 14
"../../../Engine/Plugins/Experimental/BlueprintStats/BlueprintStats.uplugin" 15
"../../../Engine/Plugins/Experimental/CharacterAI/CharacterAI.uplugin" 16
"../../../Engine/Plugins/Experimental/CodeView/CodeView.uplugin" 17
"../../../Engine/Plugins/Experimental/LiveEditor/LiveEditor.uplugin" 18
"../../../Engine/Plugins/Experimental/Phya/Phya.uplugin" 19
"../../../Engine/Plugins/Experimental/SimpleHMD/SimpleHMD.uplugin" 20
"../../../Engine/Plugins/Experimental/SteamVR/SteamVR.uplugin" 21
"../../../Engine/Plugins/Media/AndroidMedia/AndroidMedia.uplugin" 22
"../../../Engine/Plugins/Media/AvfMedia/AvfMedia.uplugin" 23
"../../../Engine/Plugins/Media/MediaPlayerEditor/MediaPlayerEditor.uplugin" 24
"../../../Engine/Plugins/Media/WmfMedia/WmfMedia.uplugin" 25
"../../../Engine/Plugins/Messaging/MessagingDebugger/MessagingDebugger.uplugin" 26
"../../../Engine/Plugins/Messaging/ShmMessaging/ShmMessaging.uplugin" 27
"../../../Engine/Plugins/Messaging/UdpMessaging/UdpMessaging.uplugin" 28
"../../../Engine/Plugins/Runtime/Advertising/IOSTapJoy/IOSTapJoy.uplugin" 29
"../../../Engine/Plugins/Runtime/Analytics/AnalyticsBlueprintLibrary/AnalyticsBlueprintLibrary.uplugin" 30
"../../../Engine/Plugins/Runtime/Analytics/Apsalar/IOSApsalar/IOSApsalar.uplugin" 31
"../../../Engine/Plugins/Runtime/Analytics/FileLogging/FileLogging.uplugin" 32
"../../../Engine/Plugins/Runtime/AndroidDeviceProfileSelector/AndroidDeviceProfileSelector.uplugin" 33
"../../../Engine/Plugins/Runtime/AndroidMoviePlayer/AndroidMoviePlayer.uplugin" 34
"../../../Engine/Plugins/Runtime/AppleMoviePlayer/AppleMoviePlayer.uplugin" 35
"../../../Engine/Plugins/Runtime/CableComponent/CableComponent.uplugin" 36
"../../../Engine/Plugins/Runtime/CustomMeshComponent/CustomMeshComponent.uplugin" 37
"../../../Engine/Plugins/Runtime/ExampleDeviceProfileSelector/ExampleDeviceProfileSelector.uplugin" 38
"../../../Engine/Plugins/Runtime/GearVR/GearVR.uplugin" 39
"../../../Engine/Plugins/Runtime/IOSDeviceProfileSelector/IOSDeviceProfileSelector.uplugin" 40
"../../../Engine/Plugins/Runtime/LiveEditorListenServer/LiveEditorListenServer.uplugin" 41
"../../../Engine/Plugins/Runtime/OculusRift/OculusRift.uplugin" 42
"../../../Engine/Plugins/Runtime/SoundMod/SoundMod.uplugin" 43
"../../../Engine/Plugins/Runtime/SoundVisualizations/SoundVisualizations.uplugin" 44
"../../../Engine/Plugins/Runtime/TwitchLiveStreaming/TwitchLiveStreaming.uplugin" 45
"../../../Engine/Plugins/Runtime/WindowsDeviceProfileSelector/WindowsDeviceProfileSelector.uplugin" 46
"../../../Engine/Plugins/Runtime/WindowsMoviePlayer/WindowsMoviePlayer.uplugin" 47
"../../../Engine/Plugins/ScriptGeneratorPlugin/ScriptGeneratorPlugin.uplugin" 48
"../../../Engine/Plugins/ScriptPlugin/ScriptPlugin.uplugin" 49
"../../../Engine/Plugins/Slate/SlateRemote/SlateRemote.uplugin" 50
"..\..\..\Engine\Content\Internationalization\icudt53l\cnvalias.icu" 51
"..\..\..\Engine\Content\Internationalization\icudt53l\en_US_POSIX.res" 52
"..\..\..\Engine\Content\Internationalization\icudt53l\pool.res" 53
"..\..\..\Engine\Content\Internationalization\icudt53l\en_US.res" 54
"..\..\..\Engine\Content\Internationalization\icudt53l\en.res" 55
"..\..\..\Engine\Content\Internationalization\icudt53l\root.res" 56
"..\..\..\Engine\Content\Internationalization\icudt53l\coll\ucadata.icu" 57
"..\..\..\Engine\Content\Internationalization\icudt53l\nfc.nrm" 58
"..\..\..\Engine\Content\Internationalization\icudt53l\coll\en_US_POSIX.res" 59
"..\..\..\Engine\Content\Internationalization\icudt53l\coll\en_US.res" 60
"..\..\..\Engine\Content\Internationalization\icudt53l\coll\en.res" 61
"..\..\..\Engine\Content\Internationalization\icudt53l\coll\root.res" 62
"..\..\..\Engine\Content\Internationalization\icudt53l\numberingSystems.res" 63
"..\..\..\Engine\Content\Internationalization\icudt53l\curr\supplementalData.res" 64
"..\..\..\Engine\Content\Internationalization\icudt53l\curr\pool.res" 65
"..\..\..\Engine\Content\Internationalization\icudt53l\curr\en.res" 66
"..\..\..\Engine\Content\Internationalization\icudt53l\curr\root.res" 67
"..\..\..\Engine\Content\Internationalization\icudt53l\plurals.res" 68
"..\..\..\Engine\Content\Internationalization\icudt53l\windowsZones.res" 69
"..\..\..\Engine\Content\Internationalization\icudt53l\zoneinfo64.res" 70
"..\..\..\Engine\Content\Internationalization\icudt53l\keyTypeData.res" 71
"..\..\..\Engine\Content\Internationalization\icudt53l\timezoneTypes.res" 72
"..\..\..\Engine\Content\Internationalization\icudt53l\supplementalData.res" 73
"..\..\..\Engine\Content\Internationalization\icudt53l\likelySubtags.res" 74
"../../../Engine/Config/Base.ini" 75
"../../../Engine/Config/BaseEngine.ini" 76
"../../../../../../Users/Lt Gravemind/Documents/Unreal Projects/DownTheVerse/Config/DefaultEngine.ini" 77
"../../../Engine/Config/Windows/WindowsEngine.ini" 78
"C:/Users/Lt Gravemind/Documents/Unreal Projects/DownTheVerse/Saved/Config/Windows/Engine.ini" 79
"../../../../../../Users/Lt Gravemind/Documents/Unreal Projects/DownTheVerse/Intermediate/Config/CoalescedSourceConfigs/Engine.ini" 80
"../../../Engine/Config/BaseGame.ini" 81
"../../../../../../Users/Lt Gravemind/Documents/Unreal Projects/DownTheVerse/Config/DefaultGame.ini" 82
"C:/Users/Lt Gravemind/Documents/Unreal Projects/DownTheVerse/Saved/Config/Windows/Game.ini" 83
"../../../../../../Users/Lt Gravemind/Documents/Unreal Projects/DownTheVerse/Intermediate/Config/CoalescedSourceConfigs/Game.ini" 84
"../../../Engine/Config/BaseInput.ini" 85
"../../../../../../Users/Lt Gravemind/Documents/Unreal Projects/DownTheVerse/Config/DefaultInput.ini" 86
"C:/Users/Lt Gravemind/Documents/Unreal Projects/DownTheVerse/Saved/Config/Windows/Input.ini" 87
"../../../../../../Users/Lt Gravemind/Documents/Unreal Projects/DownTheVerse/Intermediate/Config/CoalescedSourceConfigs/Input.ini" 88
"../../../Engine/Config/BaseEditor.ini" 89
"../../../../../../Users/Lt Gravemind/Documents/Unreal Projects/DownTheVerse/Config/DefaultEditor.ini" 90
"C:/Users/Lt Gravemind/Documents/Unreal Projects/DownTheVerse/Saved/Config/Windows/Editor.ini" 91
"../../../../../../Users/Lt Gravemind/Documents/Unreal Projects/DownTheVerse/Intermediate/Config/CoalescedSourceConfigs/Editor.ini" 92
"../../../Engine/Config/BaseEditorLayout.ini" 93
"C:/Users/Lt Gravemind/Documents/Unreal Projects/DownTheVerse/Saved/Config/Windows/EditorLayout.ini" 94
"../../../../../../Users/Lt Gravemind/Documents/Unreal Projects/DownTheVerse/Intermediate/Config/CoalescedSourceConfigs/EditorLayout.ini" 95
"../../../Engine/Config/BaseEditorUserSettings.ini" 96
"../../../../../../Users/Lt Gravemind/Documents/Unreal Projects/DownTheVerse/Config/DefaultEditorUserSettings.ini" 97
"C:/Users/Lt Gravemind/Documents/Unreal Projects/DownTheVerse/Saved/Config/Windows/EditorUserSettings.ini" 98
"../../../../../../Users/Lt Gravemind/Documents/Unreal Projects/DownTheVerse/Intermediate/Config/CoalescedSourceConfigs/EditorUserSettings.ini" 99
"../../../Engine/Config/BaseEditorKeyBindings.ini" 100
"C:/Users/Lt Gravemind/Documents/Unreal Projects/DownTheVerse/Saved/Config/Windows/EditorKeyBindings.ini" 101
"../../../../../../Users/Lt Gravemind/Documents/Unreal Projects/DownTheVerse/Intermediate/Config/CoalescedSourceConfigs/EditorKeyBindings.ini" 102
"../../../Engine/Config/BaseCompat.ini" 103
"C:/Users/Lt Gravemind/Documents/Unreal Projects/DownTheVerse/Saved/Config/Windows/Compat.ini" 104
"../../../../../../Users/Lt Gravemind/Documents/Unreal Projects/DownTheVerse/Intermediate/Config/CoalescedSourceConfigs/Compat.ini" 105
"../../../Engine/Config/BaseLightmass.ini" 106
"C:/Users/Lt Gravemind/Documents/Unreal Projects/DownTheVerse/Saved/Config/Windows/Lightmass.ini" 107
"../../../../../../Users/Lt Gravemind/Documents/Unreal Projects/DownTheVerse/Intermediate/Config/CoalescedSourceConfigs/Lightmass.ini" 108
"../../../Engine/Config/BaseScalability.ini" 109
"C:/Users/Lt Gravemind/Documents/Unreal Projects/DownTheVerse/Saved/Config/Windows/Scalability.ini" 110
"../../../../../../Users/Lt Gravemind/Documents/Unreal Projects/DownTheVerse/Intermediate/Config/CoalescedSourceConfigs/Scalability.ini" 111
"../../../../../../Users/Lt Gravemind/Documents/Unreal Projects/DownTheVerse/Config/DefaultGameUserSettings.ini" 112
"C:/Users/Lt Gravemind/Documents/Unreal Projects/DownTheVerse/Saved/Config/Windows/GameUserSettings.ini" 113
"../../../../../../Users/Lt Gravemind/Documents/Unreal Projects/DownTheVerse/Intermediate/Config/CoalescedSourceConfigs/GameUserSettings.ini" 114
"../../../Engine/Config/BaseDeviceProfiles.ini" 115
"C:/Users/Lt Gravemind/Documents/Unreal Projects/DownTheVerse/Saved/Config/Windows/DeviceProfiles.ini" 116
"../../../../../../Users/Lt Gravemind/Documents/Unreal Projects/DownTheVerse/Intermediate/Config/CoalescedSourceConfigs/DeviceProfiles.ini" 117
"../../../Engine/Config/ConsoleVariables.ini" 118
"..\..\..\Engine\Content\Internationalization\icudt53l\es.res" 119
"..\..\..\Engine\Content\Internationalization\icudt53l\coll\es.res" 120
"..\..\..\Engine\Content\Internationalization\icudt53l\curr\es.res" 121
"..\..\..\Engine\Content\Internationalization\icudt53l\es_ES.res" 122
"..\..\..\Engine\Content\Internationalization\icudt53l\ja.res" 123
"..\..\..\Engine\Content\Internationalization\icudt53l\coll\ja.res" 124
"..\..\..\Engine\Content\Internationalization\icudt53l\curr\ja.res" 125
"..\..\..\Engine\Content\Internationalization\icudt53l\ja_JP.res" 126
"..\..\..\Engine\Content\Internationalization\icudt53l\ko.res" 127
"..\..\..\Engine\Content\Internationalization\icudt53l\coll\ko.res" 128
"..\..\..\Engine\Content\Internationalization\icudt53l\curr\ko.res" 129
"..\..\..\Engine\Content\Internationalization\icudt53l\ko_KR.res" 130
"..\..\..\Engine\Content\Internationalization\icudt53l\pt_BR.res" 131
"..\..\..\Engine\Content\Internationalization\icudt53l\pt.res" 132
"..\..\..\Engine\Content\Internationalization\icudt53l\coll\pt.res" 133
"..\..\..\Engine\Content\Internationalization\icudt53l\curr\pt.res" 134
"..\..\..\Engine\Content\Internationalization\icudt53l\zh_CN.res" 135
"..\..\..\Engine\Content\Internationalization\icudt53l\zh_Hans_CN.res" 136
"..\..\..\Engine\Content\Internationalization\icudt53l\zh_Hans.res" 137
"..\..\..\Engine\Content\Internationalization\icudt53l\zh.res" 138
"..\..\..\Engine\Content\Internationalization\icudt53l\coll\zh_CN.res" 139
"..\..\..\Engine\Content\Internationalization\icudt53l\coll\zh_Hans_CN.res" 140
"..\..\..\Engine\Content\Internationalization\icudt53l\coll\zh_Hans.res" 141
"..\..\..\Engine\Content\Internationalization\icudt53l\coll\zh.res" 142
"..\..\..\Engine\Content\Internationalization\icudt53l\curr\zh_CN.res" 143
"..\..\..\Engine\Content\Internationalization\icudt53l\curr\zh_Hans_CN.res" 144
"..\..\..\Engine\Content\Internationalization\icudt53l\curr\zh_Hans.res" 145
"..\..\..\Engine\Content\Internationalization\icudt53l\curr\zh.res" 146
"C:/Program Files/Unreal Engine/4.7/Engine/Content/Localization/Editor/en/Editor.locres" 147
"C:/Program Files/Unreal Engine/4.7/Engine/Content/Localization/EditorTutorials/en/EditorTutorials.locres" 148
"C:/Program Files/Unreal Engine/4.7/Engine/Content/Localization/Engine/en/Engine.locres" 149
"../../../Engine/Content/Slate/Fonts/Roboto-Regular.ttf" 150
"../../../Engine/Content/Slate/Fonts/DroidSansMono.ttf" 151
"../../../Engine/Content/Slate/Fonts/Roboto-Bold.ttf" 152
"../../../Engine/Content/Slate/Fonts/Roboto-Light.ttf" 153
"C:/Program Files/Unreal Engine/4.7/Engine/Binaries/Win64/../../../Engine/Shaders/ParticleSpriteVertexFactory.usf" 154
"C:/Program Files/Unreal Engine/4.7/Engine/Binaries/Win64/../../../Engine/Shaders/VertexFactoryCommon.usf" 155
"C:/Program Files/Unreal Engine/4.7/Engine/Binaries/Win64/../../../Engine/Shaders/Common.usf" 156
"C:/Program Files/Unreal Engine/4.7/Engine/Binaries/Win64/../../../Engine/Shaders/MetalCommon.usf" 157
"C:/Program Files/Unreal Engine/4.7/Engine/Binaries/Win64/../../../Engine/Shaders/ShaderVersion.usf" 158
"C:/Program Files/Unreal Engine/4.7/Engine/Binaries/Win64/../../../Engine/Shaders/Definitions.usf" 159
"C:/Program Files/Unreal Engine/4.7/Engine/Binaries/Win64/../../../Engine/Shaders/Random.usf" 160
"C:/Program Files/Unreal Engine/4.7/Engine/Binaries/Win64/../../../Engine/Shaders/ParticleVertexFactoryCommon.usf" 161
"C:/Program Files/Unreal Engine/4.7/Engine/Binaries/Win64/../../../Engine/Shaders/ParticleGPUSpriteVertexFactory.usf" 162
"C:/Program Files/Unreal Engine/4.7/Engine/Binaries/Win64/../../../Engine/Shaders/ParticleBeamTrailVertexFactory.usf" 163
"C:/Program Files/Unreal Engine/4.7/Engine/Binaries/Win64/../../../Engine/Shaders/VectorFieldVisualizationVertexFactory.usf" 164
"C:/Program Files/Unreal Engine/4.7/Engine/Binaries/Win64/../../../Engine/Shaders/LocalVertexFactory.usf" 165
"C:/Program Files/Unreal Engine/4.7/Engine/Binaries/Win64/../../../Engine/Shaders/LocalVertexFactoryCommon.usf" 166
"C:/Program Files/Unreal Engine/4.7/Engine/Binaries/Win64/../../../Engine/Shaders/MeshParticleVertexFactory.usf" 167
"C:/Program Files/Unreal Engine/4.7/Engine/Binaries/Win64/../../../Engine/Shaders/GpuSkinVertexFactory.usf" 168
"C:/Program Files/Unreal Engine/4.7/Engine/Binaries/Win64/../../../Engine/Shaders/GpuSkinCacheCommon.usf" 169
"C:/Program Files/Unreal Engine/4.7/Engine/Binaries/Win64/../../../Engine/Shaders/LandscapeVertexFactory.usf" 170
"C:/Program Files/Unreal Engine/4.7/Engine/Binaries/Win64/../../../Engine/Shaders/SlateElementPixelShader.usf" 171
"C:/Program Files/Unreal Engine/4.7/Engine/Binaries/Win64/../../../Engine/Shaders/MaterialTemplate.usf" 172
"C:/Program Files/Unreal Engine/4.7/Engine/Binaries/Win64/../../../Engine/Shaders/DepthOfFieldCommon.usf" 173
"C:/Program Files/Unreal Engine/4.7/Engine/Binaries/Win64/../../../Engine/Shaders/SpeedTreeCommon.usf" 174
"C:/Program Files/Unreal Engine/4.7/Engine/Binaries/Win64/../../../Engine/Shaders/AtmosphereCommon.usf" 175
"C:/Program Files/Unreal Engine/4.7/Engine/Binaries/Win64/../../../Engine/Shaders/PostProcessCommon.usf" 176
"C:/Program Files/Unreal Engine/4.7/Engine/Binaries/Win64/../../../Engine/Shaders/DeferredShadingCommon.usf" 177
"C:/Program Files/Unreal Engine/4.7/Engine/Binaries/Win64/../../../Engine/Shaders/LightAccumulator.usf" 178
"C:/Program Files/Unreal Engine/4.7/Engine/Binaries/Win64/../../../Engine/Shaders/SlateVertexShader.usf" 179
"C:/Program Files/Unreal Engine/4.7/Engine/Binaries/Win64/../../../Engine/Shaders/OneColorShader.usf" 180
"C:/Program Files/Unreal Engine/4.7/Engine/Binaries/Win64/../../../Engine/Shaders/ResolveVertexShader.usf" 181
"C:/Program Files/Unreal Engine/4.7/Engine/Binaries/Win64/../../../Engine/Shaders/ResolvePixelShader.usf" 182
"C:/Program Files/Unreal Engine/4.7/Engine/Binaries/Win64/../../../Engine/Shaders/VisualizeTexture.usf" 183
"C:/Program Files/Unreal Engine/4.7/Engine/Binaries/Win64/../../../Engine/Shaders/ScreenSpaceReflections.usf" 184
"C:/Program Files/Unreal Engine/4.7/Engine/Binaries/Win64/../../../Engine/Shaders/BRDF.usf" 185
"C:/Program Files/Unreal Engine/4.7/Engine/Binaries/Win64/../../../Engine/Shaders/MonteCarlo.usf" 186
"C:/Program Files/Unreal Engine/4.7/Engine/Binaries/Win64/../../../Engine/Shaders/FilterVertexShader.usf" 187
"C:/Program Files/Unreal Engine/4.7/Engine/Binaries/Win64/../../../Engine/Shaders/FilterPixelShader.usf" 188
"C:/Program Files/Unreal Engine/4.7/Engine/Binaries/Win64/../../../Engine/Shaders/PostProcessVisualizeHDR.usf" 189
"C:/Program Files/Unreal Engine/4.7/Engine/Binaries/Win64/../../../Engine/Shaders/PostProcessHistogramCommon.usf" 190
"C:/Program Files/Unreal Engine/4.7/Engine/Binaries/Win64/../../../Engine/Shaders/TonemapCommon.usf" 191
"C:/Program Files/Unreal Engine/4.7/Engine/Binaries/Win64/../../../Engine/Shaders/MiniFontCommon.usf" 192
"C:/Program Files/Unreal Engine/4.7/Engine/Binaries/Win64/../../../Engine/Shaders/PostProcessVisualizeBuffer.usf" 193
"C:/Program Files/Unreal Engine/4.7/Engine/Binaries/Win64/../../../Engine/Shaders/PostProcessUpscale.usf" 194
"C:/Program Files/Unreal Engine/4.7/Engine/Binaries/Win64/../../../Engine/Shaders/PostProcessTonemap.usf" 195
"C:/Program Files/Unreal Engine/4.7/Engine/Binaries/Win64/../../../Engine/Shaders/PostProcessTestImage.usf" 196
"C:/Program Files/Unreal Engine/4.7/Engine/Binaries/Win64/../../../Engine/Shaders/PostProcessTemporalAA.usf" 197
"C:/Program Files/Unreal Engine/4.7/Engine/Binaries/Win64/../../../Engine/Shaders/PostProcessTemporalCommon.usf" 198
"C:/Program Files/Unreal Engine/4.7/Engine/Binaries/Win64/../../../Engine/Shaders/PostProcessSubsurface.usf" 199
"C:/Program Files/Unreal Engine/4.7/Engine/Binaries/Win64/../../../Engine/Shaders/SeparableSSS.usf" 200
"C:/Program Files/Unreal Engine/4.7/Engine/Binaries/Win64/../../../Engine/Shaders/PostProcessSelectionOutline.usf" 201
"C:/Program Files/Unreal Engine/4.7/Engine/Binaries/Win64/../../../Engine/Shaders/PostProcessSceneColorFringe.usf" 202
"C:/Program Files/Unreal Engine/4.7/Engine/Binaries/Win64/../../../Engine/Shaders/PostProcessNoiseBlur.usf" 203
"C:/Program Files/Unreal Engine/4.7/Engine/Binaries/Win64/../../../Engine/Shaders/PostProcessMotionBlur.usf" 204
"C:/Program Files/Unreal Engine/4.7/Engine/Binaries/Win64/../../../Engine/Shaders/PostProcessMobile.usf" 205
"C:/Program Files/Unreal Engine/4.7/Engine/Binaries/Win64/../../../Engine/Shaders/PostProcessMaterialShaders.usf" 206
"C:/Program Files/Unreal Engine/4.7/Engine/Binaries/Win64/../../../Engine/Shaders/PostProcessLensFlares.usf" 207
"C:/Program Files/Unreal Engine/4.7/Engine/Binaries/Win64/../../../Engine/Shaders/PostProcessLensBlur.usf" 208
"C:/Program Files/Unreal Engine/4.7/Engine/Binaries/Win64/../../../Engine/Shaders/PostProcessBloom.usf" 209
"C:/Program Files/Unreal Engine/4.7/Engine/Binaries/Win64/../../../Engine/Shaders/PostProcessHMD.usf" 210
"C:/Program Files/Unreal Engine/4.7/Engine/Binaries/Win64/../../../Engine/Shaders/PostProcessHistogramReduce.usf" 211
"C:/Program Files/Unreal Engine/4.7/Engine/Binaries/Win64/../../../Engine/Shaders/PostProcessHistogram.usf" 212
"C:/Program Files/Unreal Engine/4.7/Engine/Binaries/Win64/../../../Engine/Shaders/PostProcessGBufferHints.usf" 213
"C:/Program Files/Unreal Engine/4.7/Engine/Binaries/Win64/../../../Engine/Shaders/PostProcessEyeAdaptation.usf" 214
"C:/Program Files/Unreal Engine/4.7/Engine/Binaries/Win64/../../../Engine/Shaders/PostProcessDownsample.usf" 215
"C:/Program Files/Unreal Engine/4.7/Engine/Binaries/Win64/../../../Engine/Shaders/PostProcessDOF.usf" 216
"C:/Program Files/Unreal Engine/4.7/Engine/Binaries/Win64/../../../Engine/Shaders/PostProcessCompositeEditorPrimitives.usf" 217
"C:/Program Files/Unreal Engine/4.7/Engine/Binaries/Win64/../../../Engine/Shaders/PostProcessCombineLUTs.usf" 218
"C:/Program Files/Unreal Engine/4.7/Engine/Binaries/Win64/../../../Engine/Shaders/PostProcessBusyWait.usf" 219
"C:/Program Files/Unreal Engine/4.7/Engine/Binaries/Win64/../../../Engine/Shaders/PostProcessBokehDOF.usf" 220
"C:/Program Files/Unreal Engine/4.7/Engine/Binaries/Win64/../../../Engine/Shaders/FXAAShader.usf" 221
"C:/Program Files/Unreal Engine/4.7/Engine/Binaries/Win64/../../../Engine/Shaders/Fxaa3_11.usf" 222
"C:/Program Files/Unreal Engine/4.7/Engine/Binaries/Win64/../../../Engine/Shaders/PostProcessPassThrough.usf" 223
"C:/Program Files/Unreal Engine/4.7/Engine/Binaries/Win64/../../../Engine/Shaders/PostProcessLpvIndirect.usf" 224
"C:/Program Files/Unreal Engine/4.7/Engine/Binaries/Win64/../../../Engine/Shaders/DeferredLightingCommon.usf" 225
"C:/Program Files/Unreal Engine/4.7/Engine/Binaries/Win64/../../../Engine/Shaders/DynamicLightingCommon.usf" 226
"C:/Program Files/Unreal Engine/4.7/Engine/Binaries/Win64/../../../Engine/Shaders/IESLightProfilesCommon.usf" 227
"C:/Program Files/Unreal Engine/4.7/Engine/Binaries/Win64/../../../Engine/Shaders/LPVFinalPass.usf" 228
"C:/Program Files/Unreal Engine/4.7/Engine/Binaries/Win64/../../../Engine/Shaders/LPVCommon.usf" 229
"C:/Program Files/Unreal Engine/4.7/Engine/Binaries/Win64/../../../Engine/Shaders/DeferredDecal.usf" 230
"C:/Program Files/Unreal Engine/4.7/Engine/Binaries/Win64/../../../Engine/Shaders/PostProcessAmbientOcclusion.usf" 231
"C:/Program Files/Unreal Engine/4.7/Engine/Binaries/Win64/../../../Engine/Shaders/PostProcessAmbient.usf" 232
"C:/Program Files/Unreal Engine/4.7/Engine/Binaries/Win64/../../../Engine/Shaders/CubemapCommon.usf" 233
"C:/Program Files/Unreal Engine/4.7/Engine/Binaries/Win64/../../../Engine/Shaders/VelocityShader.usf" 234
"C:/Program Files/Unreal Engine/4.7/Engine/Binaries/Win64/../../../Engine/Shaders/Tessellation.usf" 235
"C:/Program Files/Unreal Engine/4.7/Engine/Binaries/Win64/../../../Engine/Shaders/FlatTessellation.usf" 236
"C:/Program Files/Unreal Engine/4.7/Engine/Binaries/Win64/../../../Engine/Shaders/PNTriangles.usf" 237
"C:/Program Files/Unreal Engine/4.7/Engine/Binaries/Win64/../../../Engine/Shaders/TranslucentLightingShaders.usf" 238
"C:/Program Files/Unreal Engine/4.7/Engine/Binaries/Win64/../../../Engine/Shaders/SHCommon.usf" 239
"C:/Program Files/Unreal Engine/4.7/Engine/Binaries/Win64/../../../Engine/Shaders/ShadowProjectionCommon.usf" 240
"C:/Program Files/Unreal Engine/4.7/Engine/Binaries/Win64/../../../Engine/Shaders/TranslucentLightInjectionShaders.usf" 241
"C:/Program Files/Unreal Engine/4.7/Engine/Binaries/Win64/../../../Engine/Shaders/LightFunctionCommon.usf" 242
"C:/Program Files/Unreal Engine/4.7/Engine/Binaries/Win64/../../../Engine/Shaders/TranslucentShadowDepthShaders.usf" 243
"C:/Program Files/Unreal Engine/4.7/Engine/Binaries/Win64/../../../Engine/Shaders/ShadowDepthCommon.usf" 244
"C:/Program Files/Unreal Engine/4.7/Engine/Binaries/Win64/../../../Engine/Shaders/TiledDeferredLightShaders.usf" 245
"C:/Program Files/Unreal Engine/4.7/Engine/Binaries/Win64/../../../Engine/Shaders/ShadowProjectionPixelShader.usf" 246
"C:/Program Files/Unreal Engine/4.7/Engine/Binaries/Win64/../../../Engine/Shaders/ShadowFilteringCommon.usf" 247
"C:/Program Files/Unreal Engine/4.7/Engine/Binaries/Win64/../../../Engine/Shaders/ShadowProjectionVertexShader.usf" 248
"C:/Program Files/Unreal Engine/4.7/Engine/Binaries/Win64/../../../Engine/Shaders/ShadowDepthPixelShader.usf" 249
"C:/Program Files/Unreal Engine/4.7/Engine/Binaries/Win64/../../../Engine/Shaders/LPVWriteVplCommon.usf" 250
"C:/Program Files/Unreal Engine/4.7/Engine/Binaries/Win64/../../../Engine/Shaders/LPVWriteCommon.usf" 251
"C:/Program Files/Unreal Engine/4.7/Engine/Binaries/Win64/../../../Engine/Shaders/ShadowDepthVertexShader.usf" 252
"C:/Program Files/Unreal Engine/4.7/Engine/Binaries/Win64/../../../Engine/Shaders/ShaderComplexityApplyPixelShader.usf" 253
"C:/Program Files/Unreal Engine/4.7/Engine/Binaries/Win64/../../../Engine/Shaders/ShaderComplexityApplyVertexShader.usf" 254
"C:/Program Files/Unreal Engine/4.7/Engine/Binaries/Win64/../../../Engine/Shaders/ShaderComplexityAccumulatePixelShader.usf" 255
"C:/Program Files/Unreal Engine/4.7/Engine/Binaries/Win64/../../../Engine/Shaders/HZBOcclusion.usf" 256
"C:/Program Files/Unreal Engine/4.7/Engine/Binaries/Win64/../../../Engine/Shaders/OcclusionQueryVertexShader.usf" 257
"C:/Program Files/Unreal Engine/4.7/Engine/Binaries/Win64/../../../Engine/Shaders/HitProxyPixelShader.usf" 258
"C:/Program Files/Unreal Engine/4.7/Engine/Binaries/Win64/../../../Engine/Shaders/HitProxyVertexShader.usf" 259
"C:/Program Files/Unreal Engine/4.7/Engine/Binaries/Win64/../../../Engine/Shaders/ReflectionEnvironmentShaders.usf" 260
"C:/Program Files/Unreal Engine/4.7/Engine/Binaries/Win64/../../../Engine/Shaders/ReflectionEnvironmentShared.usf" 261
"C:/Program Files/Unreal Engine/4.7/Engine/Binaries/Win64/../../../Engine/Shaders/SkyLightingShared.usf" 262
"C:/Program Files/Unreal Engine/4.7/Engine/Binaries/Win64/../../../Engine/Shaders/ReflectionEnvironmentComputeShaders.usf" 263
"C:/Program Files/Unreal Engine/4.7/Engine/Binaries/Win64/../../../Engine/Shaders/LightShaftShader.usf" 264
"C:/Program Files/Unreal Engine/4.7/Engine/Binaries/Win64/../../../Engine/Shaders/StationaryLightOverlapShaders.usf" 265
"C:/Program Files/Unreal Engine/4.7/Engine/Binaries/Win64/../../../Engine/Shaders/DeferredLightPixelShaders.usf" 266
"C:/Program Files/Unreal Engine/4.7/Engine/Binaries/Win64/../../../Engine/Shaders/DeferredLightVertexShaders.usf" 267
"C:/Program Files/Unreal Engine/4.7/Engine/Binaries/Win64/../../../Engine/Shaders/LPVVisualise.usf" 268
"C:/Program Files/Unreal Engine/4.7/Engine/Binaries/Win64/../../../Engine/Shaders/LPVGeometryVolumeCommon.usf" 269
"C:/Program Files/Unreal Engine/4.7/Engine/Binaries/Win64/../../../Engine/Shaders/LPVDirectLightInject.usf" 270
"C:/Program Files/Unreal Engine/4.7/Engine/Binaries/Win64/../../../Engine/Shaders/LPVPropagate.usf" 271
"C:/Program Files/Unreal Engine/4.7/Engine/Binaries/Win64/../../../Engine/Shaders/LPVBuildGeometryVolume.usf" 272
"C:/Program Files/Unreal Engine/4.7/Engine/Binaries/Win64/../../../Engine/Shaders/LPVInject_AccumulateVplLists.usf" 273
"C:/Program Files/Unreal Engine/4.7/Engine/Binaries/Win64/../../../Engine/Shaders/LPVInject_GenerateVplLists.usf" 274
"C:/Program Files/Unreal Engine/4.7/Engine/Binaries/Win64/../../../Engine/Shaders/LPVClearLists.usf" 275
"C:/Program Files/Unreal Engine/4.7/Engine/Binaries/Win64/../../../Engine/Shaders/LPVClear.usf" 276
"C:/Program Files/Unreal Engine/4.7/Engine/Binaries/Win64/../../../Engine/Shaders/LightMapDensityShader.usf" 277
"C:/Program Files/Unreal Engine/4.7/Engine/Binaries/Win64/../../../Engine/Shaders/LightFunctionPixelShader.usf" 278
"C:/Program Files/Unreal Engine/4.7/Engine/Binaries/Win64/../../../Engine/Shaders/LightFunctionVertexShader.usf" 279
"C:/Program Files/Unreal Engine/4.7/Engine/Binaries/Win64/../../../Engine/Shaders/HdrCustomResolveShaders.usf" 280
"C:/Program Files/Unreal Engine/4.7/Engine/Binaries/Win64/../../../Engine/Shaders/GPUBenchmark.usf" 281
"C:/Program Files/Unreal Engine/4.7/Engine/Binaries/Win64/../../../Engine/Shaders/GammaCorrection.usf" 282
"C:/Program Files/Unreal Engine/4.7/Engine/Binaries/Win64/../../../Engine/Shaders/BasePassForForwardShadingPixelShader.usf" 283
"C:/Program Files/Unreal Engine/4.7/Engine/Binaries/Win64/../../../Engine/Shaders/BasePassForForwardShadingCommon.usf" 284
"C:/Program Files/Unreal Engine/4.7/Engine/Binaries/Win64/../../../Engine/Shaders/LightmapCommon.usf" 285
"C:/Program Files/Unreal Engine/4.7/Engine/Binaries/Win64/../../../Engine/Shaders/BasePassForForwardShadingVertexShader.usf" 286
"C:/Program Files/Unreal Engine/4.7/Engine/Binaries/Win64/../../../Engine/Shaders/HeightFogCommon.usf" 287
"C:/Program Files/Unreal Engine/4.7/Engine/Binaries/Win64/../../../Engine/Shaders/HeightFogPixelShader.usf" 288
"C:/Program Files/Unreal Engine/4.7/Engine/Binaries/Win64/../../../Engine/Shaders/HeightFogVertexShader.usf" 289
"C:/Program Files/Unreal Engine/4.7/Engine/Binaries/Win64/../../../Engine/Shaders/DistortAccumulatePS.usf" 290
"C:/Program Files/Unreal Engine/4.7/Engine/Binaries/Win64/../../../Engine/Shaders/DistortAccumulateVS.usf" 291
"C:/Program Files/Unreal Engine/4.7/Engine/Binaries/Win64/../../../Engine/Shaders/DistortApplyScreenPS.usf" 292
"C:/Program Files/Unreal Engine/4.7/Engine/Binaries/Win64/../../../Engine/Shaders/DistanceFieldSurfaceCacheLighting.usf" 293
"C:/Program Files/Unreal Engine/4.7/Engine/Binaries/Win64/../../../Engine/Shaders/DistanceFieldLightingShared.usf" 294
"C:/Program Files/Unreal Engine/4.7/Engine/Binaries/Win64/../../../Engine/Shaders/DistanceFieldAOShared.usf" 295
"C:/Program Files/Unreal Engine/4.7/Engine/Binaries/Win64/../../../Engine/Shaders/SkyLighting.usf" 296
"C:/Program Files/Unreal Engine/4.7/Engine/Binaries/Win64/../../../Engine/Shaders/DistanceFieldSurfaceCacheLightingCompute.usf" 297
"C:/Program Files/Unreal Engine/4.7/Engine/Binaries/Win64/../../../Engine/Shaders/DistanceFieldShadowing.usf" 298
"C:/Program Files/Unreal Engine/4.7/Engine/Binaries/Win64/../../../Engine/Shaders/DepthOnlyPixelShader.usf" 299
"C:/Program Files/Unreal Engine/4.7/Engine/Binaries/Win64/../../../Engine/Shaders/DepthOnlyVertexShader.usf" 300
"C:/Program Files/Unreal Engine/4.7/Engine/Binaries/Win64/../../../Engine/Shaders/PositionOnlyDepthVertexShader.usf" 301
"C:/Program Files/Unreal Engine/4.7/Engine/Binaries/Win64/../../../Engine/Shaders/DownsampleDepthPixelShader.usf" 302
"C:/Program Files/Unreal Engine/4.7/Engine/Binaries/Win64/../../../Engine/Shaders/BasePassPixelShader.usf" 303
"C:/Program Files/Unreal Engine/4.7/Engine/Binaries/Win64/../../../Engine/Shaders/BasePassCommon.usf" 304
"C:/Program Files/Unreal Engine/4.7/Engine/Binaries/Win64/../../../Engine/Shaders/BasePassVertexShader.usf" 305
"C:/Program Files/Unreal Engine/4.7/Engine/Binaries/Win64/../../../Engine/Shaders/BasePassVertexCommon.usf" 306
"C:/Program Files/Unreal Engine/4.7/Engine/Binaries/Win64/../../../Engine/Shaders/BasePassTessellationShaders.usf" 307
"C:/Program Files/Unreal Engine/4.7/Engine/Binaries/Win64/../../../Engine/Shaders/AtmospherePrecompute.usf" 308
"C:/Program Files/Unreal Engine/4.7/Engine/Binaries/Win64/../../../Engine/Shaders/AtmospherePrecomputeCommon.usf" 309
"C:/Program Files/Unreal Engine/4.7/Engine/Binaries/Win64/../../../Engine/Shaders/AtmospherePrecomputeInscatter.usf" 310
"C:/Program Files/Unreal Engine/4.7/Engine/Binaries/Win64/../../../Engine/Shaders/AtmosphericFogShader.usf" 311
"C:/Program Files/Unreal Engine/4.7/Engine/Binaries/Win64/../../../Engine/Shaders/ParticleSortKeyGen.usf" 312
"C:/Program Files/Unreal Engine/4.7/Engine/Binaries/Win64/../../../Engine/Shaders/ParticleBoundsShader.usf" 313
"C:/Program Files/Unreal Engine/4.7/Engine/Binaries/Win64/../../../Engine/Shaders/ParticleSimVisualizeShader.usf" 314
"C:/Program Files/Unreal Engine/4.7/Engine/Binaries/Win64/../../../Engine/Shaders/ParticleInjectionShader.usf" 315
"C:/Program Files/Unreal Engine/4.7/Engine/Binaries/Win64/../../../Engine/Shaders/ParticleSimulationShader.usf" 316
"C:/Program Files/Unreal Engine/4.7/Engine/Binaries/Win64/../../../Engine/Shaders/ParticleCurveInjectionShader.usf" 317
"C:/Program Files/Unreal Engine/4.7/Engine/Binaries/Win64/../../../Engine/Shaders/VectorFieldCompositeShaders.usf" 318
"C:/Program Files/Unreal Engine/4.7/Engine/Binaries/Win64/../../../Engine/Shaders/UpdateTextureShaders.usf" 319
"C:/Program Files/Unreal Engine/4.7/Engine/Binaries/Win64/../../../Engine/Shaders/SimpleElementColorChannelMaskPixelShader.usf" 320
"C:/Program Files/Unreal Engine/4.7/Engine/Binaries/Win64/../../../Engine/Shaders/SimpleElementHitProxyPixelShader.usf" 321
"C:/Program Files/Unreal Engine/4.7/Engine/Binaries/Win64/../../../Engine/Shaders/SimpleElementPixelShader.usf" 322
"C:/Program Files/Unreal Engine/4.7/Engine/Binaries/Win64/../../../Engine/Shaders/ColorUtils.usf" 323
"C:/Program Files/Unreal Engine/4.7/Engine/Binaries/Win64/../../../Engine/Shaders/SimpleElementVertexShader.usf" 324
"C:/Program Files/Unreal Engine/4.7/Engine/Binaries/Win64/../../../Engine/Shaders/ScreenVertexShader.usf" 325
"C:/Program Files/Unreal Engine/4.7/Engine/Binaries/Win64/../../../Engine/Shaders/ScreenPixelShader.usf" 326
"C:/Program Files/Unreal Engine/4.7/Engine/Binaries/Win64/../../../Engine/Shaders/RadixSortShaders.usf" 327
"C:/Program Files/Unreal Engine/4.7/Engine/Binaries/Win64/../../../Engine/Shaders/GpuSkinCacheComputeShader.usf" 328
"C:/Program Files/Unreal Engine/4.7/Engine/Binaries/Win64/../../../Engine/Shaders/NullPixelShader.usf" 329
"C:/Program Files/Unreal Engine/4.7/Engine/Binaries/Win64/../../../Engine/Shaders/ClearReplacementShaders.usf" 330
"C:/Program Files/Unreal Engine/4.7/Engine/Binaries/Win64/../../../Engine/Shaders/SimpleElementTexture2DPreviewPixelShader.usf" 331
"C:/Program Files/Unreal Engine/4.7/Engine/Binaries/Win64/../../../Engine/Shaders/SimpleElementNormalMapPixelShader.usf" 332
"C:/Program Files/Unreal Engine/4.7/Engine/Binaries/Win64/../../../Engine/Shaders/meshpaintdilatepixelshader.usf" 333
"C:/Program Files/Unreal Engine/4.7/Engine/Binaries/Win64/../../../Engine/Shaders/meshpaintdilatevertexshader.usf" 334
"C:/Program Files/Unreal Engine/4.7/Engine/Binaries/Win64/../../../Engine/Shaders/MeshPaintPixelShader.usf" 335
"C:/Program Files/Unreal Engine/4.7/Engine/Binaries/Win64/../../../Engine/Shaders/MeshPaintVertexShader.usf" 336
"../../../Engine/Config/Android/AndroidEngine.ini" 337
"../../../Engine/Config/HTML5/HTML5Engine.ini" 338
"../../../Engine/Config/IOS/IOSEngine.ini" 339
"../../../Engine/Config/Linux/LinuxEngine.ini" 340
"C:/Users/Lt Gravemind/AppData/Local/UnrealEngine/4.7/DerivedDataCache/Boot.ddc" 341
"../../../Engine/DerivedDataCache/Compressed.ddp" 342
"../../../Engine/Content/EngineFonts/Roboto.uasset" 343
"../../../Engine/Content/EngineMaterials/Widget3DPassThrough_Translucent.uasset" 344
"../../../Engine/Content/EngineMaterials/Widget3DPassThrough.uasset" 345
"../../../Engine/Content/EngineResources/WhiteSquareTexture.uasset" 346
"../../../Engine/Content/Functions/Engine_MaterialFunctions01/Shading/PowerToRoughness.uasset" 347
"../../../Engine/Content/Functions/Engine_MaterialFunctions01/Shading/ConvertFromDiffSpec.uasset" 348
"../../../Engine/Content/EngineMaterials/WorldGridMaterial.uasset" 349
"../../../Engine/Content/Functions/Engine_MaterialFunctions01/Opacity/CameraDepthFade.uasset" 350
"../../../Engine/Content/EngineMaterials/T_Default_Material_Grid_M.uasset" 351
"../../../Engine/Content/EngineMaterials/T_Default_Material_Grid_N.uasset" 352
"../../../Engine/Content/EngineMaterials/DefaultDeferredDecalMaterial.uasset" 353
"../../../Engine/Content/EngineMaterials/DefaultDiffuse.uasset" 354
"../../../Engine/Content/EngineMaterials/DefaultLightFunctionMaterial.uasset" 355
"../../../Engine/Content/EngineMaterials/DefaultPostProcessMaterial.uasset" 356
"../../../Engine/Content/Functions/Engine_MaterialFunctions02/Utility/BreakOutFloat2Components.uasset" 357
"../../../Engine/Content/EngineResources/DefaultTexture.uasset" 358
"../../../Engine/Content/EngineMaterials/Widget3DPassThrough_Translucent_OneSided.uasset" 359
"../../../Engine/Content/EngineMaterials/Widget3DPassThrough_Opaque.uasset" 360
"../../../Engine/Content/EngineMaterials/Widget3DPassThrough_Opaque_OneSided.uasset" 361
"../../../Engine/Content/EditorResources/S_Actor.uasset" 362
"../../../Engine/Content/EditorLandscapeResources/DataLayer.uasset" 363
"../../../Engine/Content/Maps/Templates/Thumbnails/Default.uasset" 364
"../../../Engine/Content/EditorMaterials/ParticleSystems/PSysThumbnail_NoImage.uasset" 365
"../../../Engine/Content/EditorMaterials/ParticleSystems/PSysThumbnail_OOD.uasset" 366
"../../../Engine/Content/EngineDamageTypes/DmgTypeBP_Environmental.uasset" 367
"../../../Engine/Content/EngineMeshes/Sphere.uasset" 368
"../../../Engine/Content/EngineFonts/RobotoDistanceField.uasset" 369
"../../../Engine/Content/EngineMaterials/DefaultTextMaterialOpaque.uasset" 370
"../../../Engine/Content/EditorResources/S_Trigger.uasset" 371
"../../../Engine/Content/EngineResources/GradientTexture0.uasset" 372
"../../../Engine/Content/EngineResources/Black.uasset" 373
"../../../Engine/Content/EditorMaterials/MatineeGroups/MAT_Groups_Float.uasset" 374
"../../../Engine/Content/EditorMaterials/MatineeGroups/MAT_Groups_Director.uasset" 375
"../../../Engine/Content/EditorMaterials/MatineeGroups/MAT_Groups_Event.uasset" 376
"../../../Engine/Content/EditorMaterials/MatineeGroups/MAT_Groups_Anim.uasset" 377
"../../../Engine/Content/EditorMaterials/MatineeGroups/MAT_Groups_Fade.uasset" 378
"../../../Engine/Content/EditorMaterials/MatineeGroups/MAT_Groups_Move.uasset" 379
"../../../Engine/Content/EditorMaterials/MatineeGroups/MAT_Groups_Slomo.uasset" 380
"../../../Engine/Content/EditorMaterials/MatineeGroups/MAT_ColorTrack.uasset" 381
"../../../Engine/Content/EditorMaterials/MAT_Groups_Toggle.uasset" 382
"../../../Engine/Content/EditorMaterials/MatineeGroups/MAT_Groups_AudioMaster.uasset" 383
"../../../Engine/Content/EditorMaterials/MatineeGroups/MAT_Groups_Sound.uasset" 384
"../../../Engine/Content/EditorMaterials/MatineeGroups/MAT_Groups_Vector.uasset" 385
"../../../Engine/Content/EditorMaterials/MAT_Groups_Visibility.uasset" 386
"../../../Engine/Content/EngineResources/DefaultTextureCube.uasset" 387
"../../../Engine/Content/EngineSounds/Master.uasset" 388
"../../../Engine/Content/EngineSounds/Music.uasset" 389
"../../../Engine/Content/EngineSounds/SFX.uasset" 390
"../../../Engine/Content/EngineSounds/Normal_Attack.uasset" 391
"../../../Engine/Content/EngineSounds/Special_Attack_PSM.uasset" 392
"../../../Engine/Content/EngineSounds/Duck_Normal_Attack_MixMod.uasset" 393
"../../../Engine/Content/EngineSounds/Voice.uasset" 394
"../../../Engine/Content/EngineMeshes/Cylinder.uasset" 395
"../../../Engine/Content/EngineMaterials/DefaultMaterial.uasset" 396
"../../../Engine/Content/EngineTireTypes/DefaultTireType.uasset" 397
"../../../Engine/Content/Editor/Slate/Fonts/FontAwesome.ttf" 398
"../../../Engine/Content/Editor/Slate/Fonts/DroidSansMono.ttf" 399
"../../../Engine/Content/Editor/Slate/Fonts/Roboto-BoldCondensed.ttf" 400
"../../../Engine/Content/Editor/Slate/Fonts/Roboto-Black.ttf" 401
"../../../Engine/Content/Editor/Slate/Fonts/Roboto-Italic.ttf" 402
"../../../Engine/Content/Editor/Slate/Fonts/Roboto-BoldCondensedItalic.ttf" 403
"../../../Engine/Plugins/2D/Paper2D/Content/MaskedUnlitSpriteMaterial.uasset" 404
"../../../Engine/Plugins/2D/Paper2D/Content/DefaultSpriteMaterial.uasset" 405
"../../../Engine/Plugins/2D/Paper2D/Content/DummySpriteTexture.uasset" 406
"../../../Engine/Plugins/2D/Paper2D/Content/OpaqueUnlitSpriteMaterial.uasset" 407
"../../../Engine/Plugins/2D/Paper2D/Content/DefaultPaperTerrainMaterial.uasset" 408
"../../../Engine/Plugins/2D/Paper2D/Content/DummySprite.uasset" 409
"../../../../../../Users/Lt Gravemind/Documents/Unreal Projects/DownTheVerse/Content/Models/UFO.uasset" 410
"../../../Engine/Content/TemplateResources/MI_Template_BaseBlue.uasset" 411
"../../../Engine/Content/TemplateResources/M_Template_Master.uasset" 412
"../../../../../../Users/Lt Gravemind/Documents/Unreal Projects/DownTheVerse/Content/Models/missile.uasset" 413
"C:/Users/Lt Gravemind/AppData/Local/UnrealEngine/4.7/Saved/Config/Windows/SourceControlSettings.ini" 414
"../../../../../../Users/Lt Gravemind/Documents/Unreal Projects/DownTheVerse/Intermediate/Config/CoalescedSourceConfigs/SourceControlSettings.ini" 415
"C:/Users/Lt Gravemind/Documents/Unreal Projects/DownTheVerse/Saved/Config/Windows/SourceControlSettings.ini" 416
"../../../Engine/Content/EngineMaterials/RemoveSurfaceMaterial.uasset" 417
"../../../Engine/Content/EngineDebugMaterials/DebugMeshMaterial.uasset" 418
"../../../Engine/Content/EngineMaterials/M_InvalidLightmapSettings.uasset" 419
"../../../Engine/Content/EngineMaterials/InvalidLightmapSettings.uasset" 420
"../../../Engine/Content/EditorMaterials/GizmoMaterial.uasset" 421
"../../../Engine/Content/EngineMaterials/Good64x64TilingNoiseHighFreq.uasset" 422
"../../../Engine/Content/EngineMaterials/DefaultBokeh.uasset" 423
"../../../Engine/Content/EngineMaterials/PreintegratedSkinBRDF.uasset" 424
"../../../Engine/Content/EngineMaterials/MiniFont.uasset" 425
"../../../Engine/Content/EngineMaterials/WeightMapPlaceholderTexture.uasset" 426
"../../../Engine/Content/EngineMaterials/DefaultWhiteGrid.uasset" 427
"../../../Engine/Content/EngineMaterials/DefaultPhysicalMaterial.uasset" 428
"../../../Engine/Content/EngineFonts/RobotoTiny.uasset" 429
"../../../../../../Users/Lt Gravemind/Documents/Unreal Projects/DownTheVerse/Intermediate/CachedAssetRegistry.bin" 430
"C:/Users/Lt Gravemind/AppData/Local/UnrealEngine/Common/DerivedDataCache/3/8/7/35C7D27E437A3CE93D0EE8B0DCBAF4BF.udd" 431
"C:/Users/Lt Gravemind/AppData/Local/UnrealEngine/Common/DerivedDataCache/6/0/9/67BCFD1443D8532E28F6CE89895EA918.udd" 432
"C:/Users/Lt Gravemind/AppData/Local/UnrealEngine/Common/DerivedDataCache/7/2/5/7D9D800B417C3DDC086749AC80F7D571.udd" 433
"C:/Users/Lt Gravemind/AppData/Local/UnrealEngine/Common/DerivedDataCache/8/2/1/AF991A43496CAB6D186FBCA503A546FA.udd" 434
"C:/Users/Lt Gravemind/AppData/Local/UnrealEngine/Common/DerivedDataCache/8/9/6/F51815C0484DB091CA7E3AA3453E6B8A.udd" 435
"C:/Users/Lt Gravemind/AppData/Local/UnrealEngine/Common/DerivedDataCache/2/5/0/36E6F69D4FE6BA597B6158BFF4F74687.udd" 436
"C:/Users/Lt Gravemind/AppData/Local/UnrealEngine/Common/DerivedDataCache/7/0/0/692E53BF4ED77F3951A9029B879F04FB.udd" 437
"C:/Users/Lt Gravemind/AppData/Local/UnrealEngine/Common/DerivedDataCache/2/8/6/847E88F24C8BE58A12DA4DAD631D3BFE.udd" 438
"C:/Users/Lt Gravemind/AppData/Local/UnrealEngine/Common/DerivedDataCache/6/1/4/CCABD312498B9FF9D42DC095797E3BA8.udd" 439
"C:/Users/Lt Gravemind/AppData/Local/UnrealEngine/Common/DerivedDataCache/8/9/2/3182F6AE464F13E8E2149BA8BFFC4C95.udd" 440
"../../../Engine/Content/MobileResources/HUD/VirtualJoystick_Thumb.uasset" 441
"../../../Engine/Content/MobileResources/HUD/VirtualJoystick_Background.uasset" 442
"../../../Engine/Content/MobileResources/HUD/T_Castle_ThumbstickOutter.uasset" 443
"../../../Engine/Content/MobileResources/HUD/T_Castle_ThumbstickInner.uasset" 444
"../../../Engine/Content/MobileResources/HUD/MobileHUDDirectionStick.uasset" 445
"../../../Engine/Content/MobileResources/HUD/MobileHUDDirectionPad3.uasset" 446
"../../../Engine/Content/MobileResources/HUD/MobileHUDDirectionPad2.uasset" 447
"../../../Engine/Content/MobileResources/HUD/MobileHUDDirectionPad.uasset" 448
"../../../Engine/Content/MobileResources/HUD/MobileHUDButtonFire.uasset" 449
"../../../Engine/Content/MobileResources/HUD/MobileHUDButton3.uasset" 450
"../../../Engine/Content/MobileResources/HUD/MobileHUDButton2_on.uasset" 451
"../../../Engine/Content/MobileResources/HUD/MobileHUDButton2_off.uasset" 452
"../../../Engine/Content/MobileResources/HUD/MobileHUDButton1_on.uasset" 453
"../../../Engine/Content/MobileResources/HUD/MobileHUDButton1_off.uasset" 454
"../../../Engine/Content/MobileResources/HUD/LeftVirtualJoystickOnly.uasset" 455
"../../../Engine/Content/MobileResources/HUD/DefaultVirtualJoysticks.uasset" 456
"../../../Engine/Content/MobileResources/HUD/AnalogHat.uasset" 457
"../../../Engine/Content/MobileResources/T_MobileMenu2.uasset" 458
"../../../Engine/Content/MobileResources/T_MobileControls_texture.uasset" 459
"../../../Engine/Content/Maps/Entry.umap" 460
"../../../Engine/Content/EngineMaterials/DefaultNormal.uasset" 461
"../../../../../../Users/Lt Gravemind/Documents/Unreal Projects/DownTheVerse/Content/Maps/MainMenu.umap" 462
"../../../../../../Users/Lt Gravemind/Documents/Unreal Projects/DownTheVerse/Content/Blueprints/MainMenu/MainMenuGameModeB.uasset" 463
"../../../../../../Users/Lt Gravemind/Documents/Unreal Projects/DownTheVerse/Content/Blueprints/MainMenu/MainMenuControllerB.uasset" 464
"../../../../../../Users/Lt Gravemind/Documents/Unreal Projects/DownTheVerse/Content/Blueprints/MainMenu/MainMenuB.uasset" 465
"../../../../../../Users/Lt Gravemind/Documents/Unreal Projects/DownTheVerse/Content/Fonts/Data.uasset" 466
"../../../../../../Users/Lt Gravemind/Documents/Unreal Projects/DownTheVerse/Content/Maps/Testing_Grounds.umap" 467
"../../../../../../Users/Lt Gravemind/Documents/Unreal Projects/DownTheVerse/Content/Blueprints/FighterMode/PlayerFighterB.uasset" 468
"../../../../../../Users/Lt Gravemind/Documents/Unreal Projects/DownTheVerse/Content/Sounds/laser.uasset" 469
"../../../../../../Users/Lt Gravemind/Documents/Unreal Projects/DownTheVerse/Content/Sounds/missile.uasset" 470
"../../../../../../Users/Lt Gravemind/Documents/Unreal Projects/DownTheVerse/Content/Sounds/ship_engine.uasset" 471
"../../../Engine/Content/EngineSky/BP_Sky_Sphere.uasset" 472
"../../../Engine/Content/EditorBlueprintResources/StandardMacros.uasset" 473
"../../../Engine/Content/EngineSky/C_Sky_Cloud_Color.uasset" 474
"../../../Engine/Content/EngineSky/C_Sky_Horizon_Color.uasset" 475
"../../../Engine/Content/EngineSky/C_Sky_Zenith_Color.uasset" 476
"../../../Engine/Content/EngineSky/M_Sky_Panning_Clouds2.uasset" 477
"../../../Engine/Content/EngineSky/T_Sky_Blue.uasset" 478
"../../../Engine/Content/EngineSky/T_Sky_Clouds_M.uasset" 479
"../../../Engine/Content/EngineSky/T_Sky_Stars.uasset" 480
"../../../Engine/Content/EngineSky/SM_SkySphere.uasset" 481
"../../../../../../Users/Lt Gravemind/Documents/Unreal Projects/DownTheVerse/Content/Blueprints/FighterMode/FighterGameModeB.uasset" 482
"../../../../../../Users/Lt Gravemind/Documents/Unreal Projects/DownTheVerse/Content/Blueprints/FighterMode/FighterCharacterControllerB.uasset" 483
"../../../Engine/Content/MapTemplates/Bokeh_5Sides.uasset" 484
"../../../Engine/Content/MapTemplates/T_ScreenDirt02_w.uasset" 485
"C:/Users/Lt Gravemind/AppData/Local/UnrealEngine/Common/DerivedDataCache/2/0/7/TEXTURE_75F87CE100B546AAB8A1C4132AF9DB17_AUTODXT_B6509E2245A268E3B7FA3A8D06549__42EE20BE65F4E60D9F95892828207A7E2BBE4754.udd" 486
"C:/Users/Lt Gravemind/AppData/Local/UnrealEngine/Common/DerivedDataCache/3/3/8/TEXTURE_75F87CE100B546AAB8A1C4132AF9DB17_AUTODXT_B6509E2245A268E3B7FA3A8D06549__550FE8AFF6EF78D0A32AD5476DEB8105CAC7CE1B.udd" 487
"C:/Users/Lt Gravemind/AppData/Local/UnrealEngine/Common/DerivedDataCache/2/4/1/TEXTURE_75F87CE100B546AAB8A1C4132AF9DB17_AUTODXT_4D63E5DF4E7A1CFC3DA157945E284__C13FF58CE7E55C26EA6768ADB03CF11A70CC0003.udd" 488
"C:/Users/Lt Gravemind/AppData/Local/UnrealEngine/Common/DerivedDataCache/6/4/2/TEXTURE_75F87CE100B546AAB8A1C4132AF9DB17_AUTODXT_CE341FD24FBC57F48124E0A9174BE__6A4DA23B96FEEB426767A7992AB6B02B46CA1437.udd" 489
"C:/Users/Lt Gravemind/AppData/Local/UnrealEngine/Common/DerivedDataCache/0/9/9/TEXTURE_75F87CE100B546AAB8A1C4132AF9DB17_AUTODXT_75DBBF054DEA34CEDBC4FBA026613__7FB2752ABEB2B3A3132D7D257F3693D8541F4EBC.udd" 490
"C:/Users/Lt Gravemind/AppData/Local/UnrealEngine/Common/DerivedDataCache/7/2/5/TEXTURE_75F87CE100B546AAB8A1C4132AF9DB17_AUTODXT_CE341FD24FBC57F48124E0A9174BE__F0136E73C0B6A1F359DBA25B3FA7E64B8FD911F6.udd" 491
"C:/Users/Lt Gravemind/AppData/Local/UnrealEngine/Common/DerivedDataCache/4/0/0/TEXTURE_75F87CE100B546AAB8A1C4132AF9DB17_AUTODXT_F7F6E24D4355859BF7315DB48CA01__809E701E248636D33C06CB7FD9F54C9B8B9A5C66.udd" 492
"C:/Users/Lt Gravemind/AppData/Local/UnrealEngine/Common/DerivedDataCache/9/5/5/TEXTURE_75F87CE100B546AAB8A1C4132AF9DB17_AUTODXT_75DBBF054DEA34CEDBC4FBA026613__C2D93CA8A2D59EAF72C21FE151577449CBE13107.udd" 493
"C:/Users/Lt Gravemind/AppData/Local/UnrealEngine/Common/DerivedDataCache/7/1/7/TEXTURE_75F87CE100B546AAB8A1C4132AF9DB17_AUTODXT_5CCE90C0490F1DB85C7F13A197D30__1CA5E094521422391C34E4B43718FAB8EB778C44.udd" 494
"C:/Users/Lt Gravemind/AppData/Local/UnrealEngine/Common/DerivedDataCache/9/0/1/TEXTURE_75F87CE100B546AAB8A1C4132AF9DB17_AUTODXT_F7F6E24D4355859BF7315DB48CA01__1F2C26B23E0ADD2290A757CEEBCA5FC7FC11DBC4.udd" 495
"C:/Users/Lt Gravemind/AppData/Local/UnrealEngine/Common/DerivedDataCache/5/8/0/TEXTURE_75F87CE100B546AAB8A1C4132AF9DB17_AUTODXT_5CCE90C0490F1DB85C7F13A197D30__5EEAD2AF96E3FAB31523DBD5350A2E29158CB72F.udd" 496
"C:/Users/Lt Gravemind/AppData/Local/UnrealEngine/Common/DerivedDataCache/7/2/1/TEXTURE_75F87CE100B546AAB8A1C4132AF9DB17_AUTODXT_940C7D1E44C8221F4E3A5193C6995__E9938F58A8A39001B44374BD432DC6359D9B39FC.udd" 497
"C:/Users/Lt Gravemind/AppData/Local/UnrealEngine/Common/DerivedDataCache/4/0/8/TEXTURE_75F87CE100B546AAB8A1C4132AF9DB17_AUTODXT_F7F6E24D4355859BF7315DB48CA01__A3AFA64B41D175CE2C37CAB35FE2F4711AF5D53B.udd" 498
"C:/Users/Lt Gravemind/AppData/Local/UnrealEngine/Common/DerivedDataCache/8/6/6/TEXTURE_75F87CE100B546AAB8A1C4132AF9DB17_AUTODXT_4D63E5DF4E7A1CFC3DA157945E284__789693D749FE615765189CE0AC2E206A2C16EBCD.udd" 499
"C:/Users/Lt Gravemind/AppData/Local/UnrealEngine/Common/DerivedDataCache/6/2/3/TEXTURE_75F87CE100B546AAB8A1C4132AF9DB17_AUTODXT_649354CC4FF2DF695CB4909F5D647__1A569AAEF35B14044B90EF4A3073748996ABA4F8.udd" 500
"C:/Users/Lt Gravemind/AppData/Local/UnrealEngine/Common/DerivedDataCache/7/1/3/TEXTURE_75F87CE100B546AAB8A1C4132AF9DB17_AUTODXT_649354CC4FF2DF695CB4909F5D647__5C21C6E6DE5FEFC6A15405DC06585216B4CF624C.udd" 501
"C:/Users/Lt Gravemind/AppData/Local/UnrealEngine/Common/DerivedDataCache/9/0/3/TEXTURE_75F87CE100B546AAB8A1C4132AF9DB17_AUTODXT_313B7A234705CB0AD4F8E58009FA4__04AEC09F63AF0892A61964B402C259E9926DD898.udd" 502
"C:/Users/Lt Gravemind/AppData/Local/UnrealEngine/Common/DerivedDataCache/8/8/3/TEXTURE_75F87CE100B546AAB8A1C4132AF9DB17_AUTODXT_7DC4DAC14D4AA0CA7ED5CF9F7585F__F943137786DB910B340B726169AD5D374A3FCFC8.udd" 503
"C:/Users/Lt Gravemind/AppData/Local/UnrealEngine/Common/DerivedDataCache/8/1/4/TEXTURE_75F87CE100B546AAB8A1C4132AF9DB17_AUTODXT_7DC4DAC14D4AA0CA7ED5CF9F7585F__7F18D7D5EEF94F45D52CAD4E3EC616F9CD70690D.udd" 504
"C:/Users/Lt Gravemind/AppData/Local/UnrealEngine/Common/DerivedDataCache/7/7/4/TEXTURE_75F87CE100B546AAB8A1C4132AF9DB17_AUTODXT_BE94051742E93DE3D95F9581FF19A__77719A365E2501800E96AD501038AB1D49302714.udd" 505
"C:/Users/Lt Gravemind/AppData/Local/UnrealEngine/Common/DerivedDataCache/2/3/9/TEXTURE_75F87CE100B546AAB8A1C4132AF9DB17_AUTODXT_BE94051742E93DE3D95F9581FF19A__8B4E58B71506C546AB1550851769FD27FE9D92B2.udd" 506
"C:/Users/Lt Gravemind/AppData/Local/UnrealEngine/Common/DerivedDataCache/3/0/3/AUDIO_0002_0000_OGG_0001_2FD82AD146D5AFFAF3350DA5B73A64FC.udd" 507
"C:/Users/Lt Gravemind/AppData/Local/UnrealEngine/Common/DerivedDataCache/9/1/5/TEXTURE_75F87CE100B546AAB8A1C4132AF9DB17_AUTODXT_7DC4DAC14D4AA0CA7ED5CF9F7585F__9C66954DE1FF7FE00D7E154DEB6E2DC29BBC66DA.udd" 508
"C:/Users/Lt Gravemind/AppData/Local/UnrealEngine/Common/DerivedDataCache/6/4/8/AUDIO_0002_0000_OGG_0001_80BF770D45CCA4751F284DB0B0D36610.udd" 509
"C:/Users/Lt Gravemind/AppData/Local/UnrealEngine/Common/DerivedDataCache/6/0/9/TEXTURE_75F87CE100B546AAB8A1C4132AF9DB17_AUTODXT_B3149C6C43BBF2D22FF18BB04B3CB__903DF0A0FD8724FB7BFA4508F34E6194FB219538.udd" 510
"C:/Users/Lt Gravemind/AppData/Local/UnrealEngine/Common/DerivedDataCache/9/0/6/TEXTURE_75F87CE100B546AAB8A1C4132AF9DB17_AUTODXT_B3149C6C43BBF2D22FF18BB04B3CB__C5DDCEFAD14F9C2292E978F5DAF59D3D214C4C40.udd" 511
"C:/Users/Lt Gravemind/AppData/Local/UnrealEngine/Common/DerivedDataCache/6/4/8/TEXTURE_75F87CE100B546AAB8A1C4132AF9DB17_AUTODXT_3C37809A4AC7F7D84A13F0AD26F7A__B47D63A83C52B20658DF995141B81FC2CE75E61F.udd" 512
"C:/Users/Lt Gravemind/AppData/Local/UnrealEngine/Common/DerivedDataCache/6/5/7/TEXTURE_75F87CE100B546AAB8A1C4132AF9DB17_AUTODXT_940C7D1E44C8221F4E3A5193C6995__0490AEDA24556038855E8F65EECD5AC72B6D32C5.udd" 513
"C:/Users/Lt Gravemind/AppData/Local/UnrealEngine/Common/DerivedDataCache/9/3/7/TEXTURE_75F87CE100B546AAB8A1C4132AF9DB17_AUTODXT_BD67EC5B41751F5F747233AEA57FB__DA69BA0D154F69329C7F76A4AA693ABD2531605E.udd" 514
"C:/Users/Lt Gravemind/AppData/Local/UnrealEngine/Common/DerivedDataCache/9/6/8/TEXTURE_75F87CE100B546AAB8A1C4132AF9DB17_AUTODXT_3C37809A4AC7F7D84A13F0AD26F7A__ACB4BF9D8E164C7E8D096F32F2D489518845E525.udd" 515
"C:/Users/Lt Gravemind/AppData/Local/UnrealEngine/Common/DerivedDataCache/1/8/8/TEXTURE_75F87CE100B546AAB8A1C4132AF9DB17_AUTODXT_F7E1A5CC47AC9E356AF115A8FF136__991EFC8073DC07C5F745E769EBAE55E0A92DE3B2.udd" 516
"C:/Users/Lt Gravemind/AppData/Local/UnrealEngine/Common/DerivedDataCache/3/6/2/TEXTURE_75F87CE100B546AAB8A1C4132AF9DB17_AUTODXT_3C37809A4AC7F7D84A13F0AD26F7A__C841B1D7020919593372EEABD556A23C71BE2A9D.udd" 517
"C:/Users/Lt Gravemind/AppData/Local/UnrealEngine/Common/DerivedDataCache/7/9/8/TEXTURE_75F87CE100B546AAB8A1C4132AF9DB17_AUTODXT_F7E1A5CC47AC9E356AF115A8FF136__2C6DD5CB3AA398F84315941AD182B6646B1B37D3.udd" 518
"C:/Users/Lt Gravemind/AppData/Local/UnrealEngine/Common/DerivedDataCache/9/0/5/TEXTURE_75F87CE100B546AAB8A1C4132AF9DB17_AUTODXT_F7E1A5CC47AC9E356AF115A8FF136__B7203925ECA0E55BD27F7EEDD8BF49061A3084C5.udd" 519
"C:/Users/Lt Gravemind/AppData/Local/UnrealEngine/Common/DerivedDataCache/1/9/3/TEXTURE_75F87CE100B546AAB8A1C4132AF9DB17_AUTODXT_BD67EC5B41751F5F747233AEA57FB__3AEA6550CC66D9AFFBF8ED2AEE60495B1163BC80.udd" 520
"C:/Users/Lt Gravemind/AppData/Local/UnrealEngine/Common/DerivedDataCache/6/7/3/TEXTURE_75F87CE100B546AAB8A1C4132AF9DB17_AUTODXT_0A3FE2B74F21A60881E0EA84C6CA4__2C57F74C0A8F1AD97DB6315D67B55E64CF232171.udd" 521
"C:/Users/Lt Gravemind/AppData/Local/UnrealEngine/Common/DerivedDataCache/0/2/5/TEXTURE_75F87CE100B546AAB8A1C4132AF9DB17_AUTODXT_C942C18A4A2AD4F9F13E07B35E7CF__BBD641864D33431AC4B6F46C361094684C662744.udd" 522
"C:/Users/Lt Gravemind/AppData/Local/UnrealEngine/Common/DerivedDataCache/1/6/0/TEXTURE_75F87CE100B546AAB8A1C4132AF9DB17_AUTODXT_E33332C14DE3496163852DA3BF807__2FEED2D3364A08E8DA7CE07ACDF4F18C08B4FF41.udd" 523
"C:/Users/Lt Gravemind/AppData/Local/UnrealEngine/Common/DerivedDataCache/2/7/4/TEXTURE_75F87CE100B546AAB8A1C4132AF9DB17_AUTODXT_C942C18A4A2AD4F9F13E07B35E7CF__2E19C6AE07E9295FF3FE8DF708ECCE22FFB6B585.udd" 524
"C:/Users/Lt Gravemind/AppData/Local/UnrealEngine/Common/DerivedDataCache/9/1/9/TEXTURE_75F87CE100B546AAB8A1C4132AF9DB17_DXT1_B801706A46903214D9E119A6780BFB2F__B7D3C520E055D93A9327E0ECF7147F96D2FDA6D2.udd" 525
"C:/Users/Lt Gravemind/AppData/Local/UnrealEngine/Common/DerivedDataCache/7/9/9/TEXTURE_75F87CE100B546AAB8A1C4132AF9DB17_DXT1_B801706A46903214D9E119A6780BFB2F__F2C58057C204384A07B06147B2E458BA0EAC88C9.udd" 526
"C:/Users/Lt Gravemind/AppData/Local/UnrealEngine/Common/DerivedDataCache/8/0/8/TEXTURE_75F87CE100B546AAB8A1C4132AF9DB17_DXT1_C383A34E4D3D113DF8002E958A6B67F8__875C2C942694375546213A6A13A067D1A4417759.udd" 527
"C:/Users/Lt Gravemind/AppData/Local/UnrealEngine/Common/DerivedDataCache/0/0/0/TEXTURE_75F87CE100B546AAB8A1C4132AF9DB17_DXT1_C383A34E4D3D113DF8002E958A6B67F8__07245F045AE633B0D83C1D55A1B4123DBC648F5F.udd" 528
"C:/Users/Lt Gravemind/AppData/Local/UnrealEngine/Common/DerivedDataCache/9/6/3/TEXTURE_75F87CE100B546AAB8A1C4132AF9DB17_DXT1_E671C8C74A371EB9A966909AE203BEB5__D9C3216F78664AE9A090482E607F8E64909F73A1.udd" 529
"C:/Users/Lt Gravemind/AppData/Local/UnrealEngine/Common/DerivedDataCache/2/5/2/TEXTURE_75F87CE100B546AAB8A1C4132AF9DB17_DXT1_E671C8C74A371EB9A966909AE203BEB5__8CC66567B5A965A5EC58899064865B6DCC29120F.udd" 530
"C:/Users/Lt Gravemind/AppData/Local/UnrealEngine/Common/DerivedDataCache/1/0/3/AUDIO_0002_0000_OGG_0001_983D4C0B4C9A3D6C6658B4A7D4213A79.udd" 531
"C:/Users/Lt Gravemind/AppData/Local/UnrealEngine/Common/DerivedDataCache/1/7/7/TEXTURE_75F87CE100B546AAB8A1C4132AF9DB17_DXT1_125CF6A945AD3A5C4690A69FFF096E9E__52CB1FF92ED87BC2D3478C8A80CDF3BC7587A770.udd" 532
"C:/Users/Lt Gravemind/AppData/Local/UnrealEngine/Common/DerivedDataCache/3/9/7/TEXTURE_75F87CE100B546AAB8A1C4132AF9DB17_AUTODXT_E33332C14DE3496163852DA3BF807__9AD8C1645DDA9A9668E5C91C886DE8D81C405B30.udd" 533
"C:/Users/Lt Gravemind/AppData/Local/UnrealEngine/Common/DerivedDataCache/4/0/3/TEXTURE_75F87CE100B546AAB8A1C4132AF9DB17_AUTODXT_0A3FE2B74F21A60881E0EA84C6CA4__624E7FA8584668C77CBA8E4732FA4D98B93AA234.udd" 534
"C:/Users/Lt Gravemind/AppData/Local/UnrealEngine/Common/DerivedDataCache/8/7/6/TEXTURE_75F87CE100B546AAB8A1C4132AF9DB17_DXT1_157064A849BBB568740E43B455B07626__E2F5358B76E85B97170E12C2558FE676B4512751.udd" 535
"C:/Users/Lt Gravemind/AppData/Local/UnrealEngine/Common/DerivedDataCache/4/2/3/TEXTURE_75F87CE100B546AAB8A1C4132AF9DB17_DXT1_157064A849BBB568740E43B455B07626__12F48389BC46714762369DE23C8CA4FC9F364571.udd" 536
"C:/Users/Lt Gravemind/AppData/Local/UnrealEngine/Common/DerivedDataCache/3/2/9/TEXTURE_75F87CE100B546AAB8A1C4132AF9DB17_DXT1_2923BE3E4B15B63D90F250988AFEC5CC__8A617A5960E7979A8493E7148CE91032FACDB23B.udd" 537
"C:/Users/Lt Gravemind/AppData/Local/UnrealEngine/Common/DerivedDataCache/7/9/2/TEXTURE_75F87CE100B546AAB8A1C4132AF9DB17_DXT1_125CF6A945AD3A5C4690A69FFF096E9E__97AF8A19A45E75188B92056264A3DB5824107488.udd" 538
"C:/Users/Lt Gravemind/AppData/Local/UnrealEngine/Common/DerivedDataCache/5/7/8/TEXTURE_75F87CE100B546AAB8A1C4132AF9DB17_DXT1_2923BE3E4B15B63D90F250988AFEC5CC__BEE8F5632503FCA0DF96F548CFAFB0B5E27B59CB.udd" 539
"C:/Users/Lt Gravemind/AppData/Local/UnrealEngine/Common/DerivedDataCache/8/8/7/TEXTURE_75F87CE100B546AAB8A1C4132AF9DB17_DXT1_3C7596704CD0EEDCC09BC0A292DB4BD8__5E822CA10BF11163FA22E8CB08147F097650788A.udd" 540
"C:/Users/Lt Gravemind/AppData/Local/UnrealEngine/Common/DerivedDataCache/3/0/2/TEXTURE_75F87CE100B546AAB8A1C4132AF9DB17_DXT1_2923BE3E4B15B63D90F250988AFEC5CC__BC6FF56A7441AE9625BE2A7A8481CE6244440A3C.udd" 541
"C:/Users/Lt Gravemind/AppData/Local/UnrealEngine/Common/DerivedDataCache/2/1/6/TEXTURE_75F87CE100B546AAB8A1C4132AF9DB17_DXT1_3C7596704CD0EEDCC09BC0A292DB4BD8__6DC52A3BF31AA0FEB4E68027ACAB74DB89287362.udd" 542
"C:/Users/Lt Gravemind/AppData/Local/UnrealEngine/Common/DerivedDataCache/2/4/6/TEXTURE_75F87CE100B546AAB8A1C4132AF9DB17_DXT1_F72526BF4DAFEF1A016B2F8DBB28690C__3D4EBEDC2DAECA1AAAFF7143AA1E300FA0E3EF4F.udd" 543
"C:/Users/Lt Gravemind/AppData/Local/UnrealEngine/Common/DerivedDataCache/7/0/0/TEXTURE_75F87CE100B546AAB8A1C4132AF9DB17_DXT1_F72526BF4DAFEF1A016B2F8DBB28690C__5DB0D0086C246925A0FB9DCEADD7CA635D12FEB7.udd" 544
"C:/Users/Lt Gravemind/AppData/Local/UnrealEngine/Common/DerivedDataCache/5/0/6/TEXTURE_75F87CE100B546AAB8A1C4132AF9DB17_DXT1_5A6C1D244C1252D130FEE89C6A209653__618FEF562DBB5FA0D95BB0AC9DDEC1E998EC6BE6.udd" 545
"C:/Users/Lt Gravemind/AppData/Local/UnrealEngine/Common/DerivedDataCache/4/8/0/TEXTURE_75F87CE100B546AAB8A1C4132AF9DB17_DXT1_5A6C1D244C1252D130FEE89C6A209653__BB3FE5B2564CCDAA5EF4F178CEF936EEE448E5A7.udd" 546
"C:/Users/Lt Gravemind/AppData/Local/UnrealEngine/Common/DerivedDataCache/2/7/2/TEXTURE_75F87CE100B546AAB8A1C4132AF9DB17_DXT1_005937934EF96E6855C5AF8A169CB840__09C4A30E4652775ADC8A5B2207F2836903EB09F9.udd" 547
"C:/Users/Lt Gravemind/AppData/Local/UnrealEngine/Common/DerivedDataCache/7/8/3/TEXTURE_75F87CE100B546AAB8A1C4132AF9DB17_DXT1_005937934EF96E6855C5AF8A169CB840__7B2F3B9B4E340A20F5069684BC1B687930B68099.udd" 548
"C:/Users/Lt Gravemind/AppData/Local/UnrealEngine/Common/DerivedDataCache/6/4/9/TEXTURE_75F87CE100B546AAB8A1C4132AF9DB17_DXT1_7855881643B0D3CF973C599F148984AE__98D760ED782CD847080B770C604558DFADB0D366.udd" 549
"C:/Users/Lt Gravemind/AppData/Local/UnrealEngine/Common/DerivedDataCache/1/4/3/TEXTURE_75F87CE100B546AAB8A1C4132AF9DB17_DXT1_DE71037A4E81BDEEDFD3D28126ABEEC3__146C15CE6BC72FFCC234D34ED73D895F87866137.udd" 550
"C:/Users/Lt Gravemind/AppData/Local/UnrealEngine/Common/DerivedDataCache/8/7/5/TEXTURE_75F87CE100B546AAB8A1C4132AF9DB17_DXT1_DE71037A4E81BDEEDFD3D28126ABEEC3__8EDD4E04FF5DDD5F568FB00ACE70A789B8B525A7.udd" 551
"C:/Users/Lt Gravemind/AppData/Local/UnrealEngine/Common/DerivedDataCache/5/0/5/TEXTURE_75F87CE100B546AAB8A1C4132AF9DB17_DXT1_552B23AE412E8A0745FFE6BB16637726__08A80E81D127526097FB9748E46A0186E2AA7E2F.udd" 552
"C:/Users/Lt Gravemind/AppData/Local/UnrealEngine/Common/DerivedDataCache/0/2/4/TEXTURE_75F87CE100B546AAB8A1C4132AF9DB17_DXT1_552B23AE412E8A0745FFE6BB16637726__D4F90C49C3EBA0BC055AA99A8089D411239832B5.udd" 553
"C:/Users/Lt Gravemind/AppData/Local/UnrealEngine/Common/DerivedDataCache/4/8/4/TEXTURE_75F87CE100B546AAB8A1C4132AF9DB17_DXT1_5A6C1D244C1252D130FEE89C6A209653__52FBF5A8AD61B7107BC33F7B3D79FC421E15D1D7.udd" 554
"C:/Users/Lt Gravemind/AppData/Local/UnrealEngine/Common/DerivedDataCache/6/3/2/TEXTURE_75F87CE100B546AAB8A1C4132AF9DB17_DXT1_DFE907B74D95AA3CC3713E917D0AD25E__0E15FFD5DB52DD25EE01EE230062431BA337C339.udd" 555
"C:/Users/Lt Gravemind/AppData/Local/UnrealEngine/Common/DerivedDataCache/2/0/5/TEXTURE_75F87CE100B546AAB8A1C4132AF9DB17_DXT1_552B23AE412E8A0745FFE6BB16637726__179610CECFD6F2A497F12F04183983C4207DFEEF.udd" 556
"C:/Users/Lt Gravemind/AppData/Local/UnrealEngine/Common/DerivedDataCache/2/2/3/TEXTURE_75F87CE100B546AAB8A1C4132AF9DB17_DXT1_DFE907B74D95AA3CC3713E917D0AD25E__023CBF79E4D8E671149611D79FCE83C4A66285D6.udd" 557
"C:/Users/Lt Gravemind/AppData/Local/UnrealEngine/Common/DerivedDataCache/5/5/9/TEXTURE_75F87CE100B546AAB8A1C4132AF9DB17_DXT1_39F5AD9C4FC718801D4633AFE180075F__0EA9BE65A3E5CFF4BE99EADDC2488BFE410A3EDF.udd" 558
"C:/Users/Lt Gravemind/AppData/Local/UnrealEngine/Common/DerivedDataCache/7/0/8/TEXTURE_75F87CE100B546AAB8A1C4132AF9DB17_DXT1_BCD587FD49D751D000CEAEB935E6BBF1__8836EBD065F5941404C02C91B8663EC780E52313.udd" 559
"C:/Users/Lt Gravemind/AppData/Local/UnrealEngine/Common/DerivedDataCache/7/8/5/PHYSX_$7B1F0627AE$2DABEB$2D4206$2D8D78$2DE16BEB5DDC7E$7D_PHYSXPC_A52F47A64BF171CF7B2153A2A6C51AB3__1_0_13075_0.udd" 560
"C:/Users/Lt Gravemind/AppData/Local/UnrealEngine/Common/DerivedDataCache/6/3/5/TEXTURE_75F87CE100B546AAB8A1C4132AF9DB17_DXT1_39F5AD9C4FC718801D4633AFE180075F__FEBAF99A900A044F8A3FE8D1B623AEF34250470A.udd" 561
"C:/Users/Lt Gravemind/AppData/Local/UnrealEngine/Common/DerivedDataCache/1/3/4/TEXTURE_75F87CE100B546AAB8A1C4132AF9DB17_DXT1_DCA8761F4B8AAA01675D15ACE1ECE249__65A94C302EFA432829C11E6C909EE6DF7167C437.udd" 562
"C:/Users/Lt Gravemind/AppData/Local/UnrealEngine/Common/DerivedDataCache/8/8/3/PHYSX_$7B1F0627AE$2DABEB$2D4206$2D8D78$2DE16BEB5DDC7E$7D_PHYSXPC_0AC60CA647983B73BBC78390DDA3D9AB__1_0_13075_0.udd" 563
"C:/Users/Lt Gravemind/AppData/Local/UnrealEngine/Common/DerivedDataCache/1/6/9/TEXTURE_75F87CE100B546AAB8A1C4132AF9DB17_DXT1_BCD587FD49D751D000CEAEB935E6BBF1__5BE0BC3B9805E0725C0448416D85B40DEF79B55E.udd" 564
"C:/Users/Lt Gravemind/AppData/Local/UnrealEngine/Common/DerivedDataCache/9/2/5/TEXTURE_75F87CE100B546AAB8A1C4132AF9DB17_DXT1_4BD413E34AC9ACFC019CD5B7BBA5D57A__B117D91E667B36CEF020B9C72B31B6718CA5B0CA.udd" 565
"C:/Users/Lt Gravemind/AppData/Local/UnrealEngine/Common/DerivedDataCache/3/1/5/TEXTURE_75F87CE100B546AAB8A1C4132AF9DB17_DXT1_DCA8761F4B8AAA01675D15ACE1ECE249__1032968408BB932C83081A356D7210E29BA85880.udd" 566
"C:/Users/Lt Gravemind/AppData/Local/UnrealEngine/Common/DerivedDataCache/8/0/6/TEXTURE_75F87CE100B546AAB8A1C4132AF9DB17_DXT1_4BD413E34AC9ACFC019CD5B7BBA5D57A__75802D6725358969317467C523D701F9822ECEA0.udd" 567
"C:/Users/Lt Gravemind/AppData/Local/UnrealEngine/Common/DerivedDataCache/4/8/2/TEXTURE_75F87CE100B546AAB8A1C4132AF9DB17_DXT1_DCA8761F4B8AAA01675D15ACE1ECE249__20715B0B07F40D4F7E22C688C50E34E0CB5B7C28.udd" 568
"C:/Users/Lt Gravemind/AppData/Local/UnrealEngine/Common/DerivedDataCache/4/7/9/TEXTURE_75F87CE100B546AAB8A1C4132AF9DB17_BGRA8_F1447C5747C580B21A766A9C1370744__1756FAD2B440AAE86EBA7C98B53E7F5587A6854E.udd" 569
"C:/Users/Lt Gravemind/AppData/Local/UnrealEngine/Common/DerivedDataCache/2/9/3/TEXTURE_75F87CE100B546AAB8A1C4132AF9DB17_BGRA8_F1447C5747C580B21A766A9C1370744__B3687BFF24FE1DE4119809FC9D65CF1F73D676B7.udd" 570
"C:/Users/Lt Gravemind/AppData/Local/UnrealEngine/Common/DerivedDataCache/4/5/0/TEXTURE_75F87CE100B546AAB8A1C4132AF9DB17_BGRA8_F1447C5747C580B21A766A9C1370744__B0648ADB86CDA13EE02A8B7EBB3C90590E3FC651.udd" 571
"C:/Users/Lt Gravemind/AppData/Local/UnrealEngine/Common/DerivedDataCache/9/9/0/TEXTURE_75F87CE100B546AAB8A1C4132AF9DB17_BGRA8_0474BF4846CD823796F6998C908905E__3E874B332553F837AC040299C0983B6BCBDDB24C.udd" 572
"C:/Users/Lt Gravemind/AppData/Local/UnrealEngine/Common/DerivedDataCache/5/8/0/TEXTURE_75F87CE100B546AAB8A1C4132AF9DB17_BGRA8_10239FA5417C71381345FD8E808D0B1__09D11C12986723577CF79673F2B1A3DB39C96988.udd" 573
"C:/Users/Lt Gravemind/AppData/Local/UnrealEngine/Common/DerivedDataCache/9/0/1/TEXTURE_75F87CE100B546AAB8A1C4132AF9DB17_BGRA8_10239FA5417C71381345FD8E808D0B1__2009DEDE3EDBA2043891418D042E91731500EF44.udd" 574
"C:/Users/Lt Gravemind/AppData/Local/UnrealEngine/Common/DerivedDataCache/2/9/1/TEXTURE_75F87CE100B546AAB8A1C4132AF9DB17_BGRA8_0474BF4846CD823796F6998C908905E__4F8901CCEA9F6B852E62BD97703C25C6D02D6A94.udd" 575
"C:/Users/Lt Gravemind/AppData/Local/UnrealEngine/Common/DerivedDataCache/5/3/3/TEXTURE_75F87CE100B546AAB8A1C4132AF9DB17_BGRA8_EF0B1A7A495ECE6A52F91B8A1B29538__DE76A4018862BC1C287A9E8B701CC70863B4EE6B.udd" 576
"C:/Users/Lt Gravemind/AppData/Local/UnrealEngine/Common/DerivedDataCache/3/7/3/TEXTURE_75F87CE100B546AAB8A1C4132AF9DB17_BGRA8_8709A7CE4A9257647305228A1C48044__67A69351B721F2635358F515011095EAED7CF47D.udd" 577
"C:/Users/Lt Gravemind/AppData/Local/UnrealEngine/Common/DerivedDataCache/5/2/4/TEXTURE_75F87CE100B546AAB8A1C4132AF9DB17_BGRA8_EF0B1A7A495ECE6A52F91B8A1B29538__926215DDBD296F63CF35AD4383A9330FDC3F554C.udd" 578
"C:/Users/Lt Gravemind/AppData/Local/UnrealEngine/Common/DerivedDataCache/8/5/2/TEXTURE_75F87CE100B546AAB8A1C4132AF9DB17_BGRA8_8709A7CE4A9257647305228A1C48044__8AA3EFCB8DCA94B9BBA8853099B74B6C47C50715.udd" 579
"C:/Users/Lt Gravemind/AppData/Local/UnrealEngine/Common/DerivedDataCache/7/3/6/TEXTURE_75F87CE100B546AAB8A1C4132AF9DB17_BGRA8_B9F750AC48F28CEB5AD09CB4714D179__FFFBF08C7AB064C23CDC4EA16ACC8A24FF83D0C0.udd" 580
"C:/Users/Lt Gravemind/AppData/Local/UnrealEngine/Common/DerivedDataCache/8/4/3/REFL_ENC_96DFC022836B48889143E9DF484C3296_2463E8714C47E9290B46A1A47ACD48B0.udd" 581
"C:/Users/Lt Gravemind/AppData/Local/UnrealEngine/Common/DerivedDataCache/9/8/7/TEXTURE_75F87CE100B546AAB8A1C4132AF9DB17_BGRA8_6AEF4C2A4E4C44396A6BBFB16784C5F__1A1EE02CD5A9EF4A34899B23EC24E2D925D82D48.udd" 582
"C:/Users/Lt Gravemind/AppData/Local/UnrealEngine/Common/DerivedDataCache/3/8/8/TEXTURE_75F87CE100B546AAB8A1C4132AF9DB17_BGRA8_6AEF4C2A4E4C44396A6BBFB16784C5F__A3BF10DDE2B4A2C2B3FBC2A8A83A982191ACBFDB.udd" 583
"C:/Users/Lt Gravemind/AppData/Local/UnrealEngine/Common/DerivedDataCache/5/2/4/REFL_ENC_96DFC022836B48889143E9DF484C3296_E4A7647F430EAC2BBD1A45BE8E4240F3.udd" 584
"C:/Users/Lt Gravemind/AppData/Local/UnrealEngine/Common/DerivedDataCache/6/2/7/TEXTURE_75F87CE100B546AAB8A1C4132AF9DB17_BGRA8_6A92336242BAB22166BB599A374676E__9DC3A98E8C6CAA787B859713F8479AE880E8CEFD.udd" 585
"C:/Users/Lt Gravemind/AppData/Local/UnrealEngine/Common/DerivedDataCache/3/6/1/TEXTURE_75F87CE100B546AAB8A1C4132AF9DB17_BGRA8_6A92336242BAB22166BB599A374676E__641BD35C5CB18B5CBD80ADE9487B45B9901B5400.udd" 586
"C:/Users/Lt Gravemind/AppData/Local/UnrealEngine/Common/DerivedDataCache/6/0/5/TEXTURE_75F87CE100B546AAB8A1C4132AF9DB17_BGRA8_696539F249B2FE27B66B70A4AFA32A4__88E196D6322A948DDBD8C212586CD3BD24D608C9.udd" 587
"C:/Users/Lt Gravemind/AppData/Local/UnrealEngine/Common/DerivedDataCache/1/9/0/REFL_ENC_96DFC022836B48889143E9DF484C3296_C3A39F6042A208D3F0F5D98811BCAB5A.udd" 588
"C:/Users/Lt Gravemind/AppData/Local/UnrealEngine/Common/DerivedDataCache/5/6/3/TEXTURE_75F87CE100B546AAB8A1C4132AF9DB17_BGRA8_B9F750AC48F28CEB5AD09CB4714D179__DF4102BBA0A4381676F70609C9F60A9F4CD9D33B.udd" 589
"C:/Users/Lt Gravemind/AppData/Local/UnrealEngine/Common/DerivedDataCache/4/8/5/TEXTURE_75F87CE100B546AAB8A1C4132AF9DB17_BGRA8_B9F750AC48F28CEB5AD09CB4714D179__DE5C55C19ECEA6B529401944C6E9259DEB7BD831.udd" 590
"C:/Users/Lt Gravemind/AppData/Local/UnrealEngine/Common/DerivedDataCache/9/7/2/TEXTURE_75F87CE100B546AAB8A1C4132AF9DB17_BGRA8_91626FD54213D59D250609A6B860D62__206E4E9046B89482C9CF7705D03DF654FC12E56A.udd" 591
"C:/Users/Lt Gravemind/AppData/Local/UnrealEngine/Common/DerivedDataCache/3/8/7/TEXTURE_75F87CE100B546AAB8A1C4132AF9DB17_BGRA8_696539F249B2FE27B66B70A4AFA32A4__8036A3BB1E893913DF2FFA30135213A3393ADE9A.udd" 592
"C:/Users/Lt Gravemind/AppData/Local/UnrealEngine/Common/DerivedDataCache/6/4/2/TEXTURE_75F87CE100B546AAB8A1C4132AF9DB17_BGRA8_2C1B7726420099258443EF9CA30A95A__C7D3C690E220C357BA459E3C104CCCDF6CAF4367.udd" 593
"C:/Users/Lt Gravemind/AppData/Local/UnrealEngine/Common/DerivedDataCache/8/4/0/TEXTURE_75F87CE100B546AAB8A1C4132AF9DB17_BGRA8_13E3938A4E279B179AAF0DA4333BC51__3D7007CB1B1F4DE5C5CCFD1E08BEF0D28B71F6E3.udd" 594
"C:/Users/Lt Gravemind/AppData/Local/UnrealEngine/Common/DerivedDataCache/4/6/6/TEXTURE_75F87CE100B546AAB8A1C4132AF9DB17_BGRA8_2C1B7726420099258443EF9CA30A95A__8C51D629B107006D2E2CFC4C6103465B97A8B7C4.udd" 595
"C:/Users/Lt Gravemind/AppData/Local/UnrealEngine/Common/DerivedDataCache/1/3/9/TEXTURE_75F87CE100B546AAB8A1C4132AF9DB17_BGRA8_9D65577C4DABF848E0BD4395BF9D4E7__70E797A81E80197114BF72DFAEF0ACC6377D565F.udd" 596
"C:/Users/Lt Gravemind/AppData/Local/UnrealEngine/Common/DerivedDataCache/6/4/5/TEXTURE_75F87CE100B546AAB8A1C4132AF9DB17_BGRA8_13E3938A4E279B179AAF0DA4333BC51__F245F916D4DB941B5B7F5D225F425FADCFD03D56.udd" 597
"C:/Users/Lt Gravemind/AppData/Local/UnrealEngine/Common/DerivedDataCache/9/9/2/TEXTURE_75F87CE100B546AAB8A1C4132AF9DB17_BGRA8_13E3938A4E279B179AAF0DA4333BC51__AE380114D3B18C06C4EE4173D0A12D1860D4371E.udd" 598
"C:/Users/Lt Gravemind/AppData/Local/UnrealEngine/Common/DerivedDataCache/2/5/6/TEXTURE_75F87CE100B546AAB8A1C4132AF9DB17_BGRA8_2D96A37F4AE25DF902683FBA14543C2__C478724D2C6817EA6B47F9D0B4942D21ECEE212E.udd" 599
"C:/Users/Lt Gravemind/AppData/Local/UnrealEngine/Common/DerivedDataCache/4/9/9/TEXTURE_75F87CE100B546AAB8A1C4132AF9DB17_BGRA8_9D65577C4DABF848E0BD4395BF9D4E7__ADB3AA6C246DC6281D94C1DBE56A58B5A3F148EB.udd" 600
"C:/Users/Lt Gravemind/AppData/Local/UnrealEngine/Common/DerivedDataCache/4/7/4/TEXTURE_75F87CE100B546AAB8A1C4132AF9DB17_BGRA8_2D96A37F4AE25DF902683FBA14543C2__A274A6D2A40A601E9E1A69D713CC6E673FB40309.udd" 601
"C:/Users/Lt Gravemind/AppData/Local/UnrealEngine/Common/DerivedDataCache/9/7/7/TEXTURE_75F87CE100B546AAB8A1C4132AF9DB17_BGRA8_DF9306DE4061F5006068A38E75B1F6F__531606F8BB7F2350FA5E698DC0296602C671F135.udd" 602
"C:/Users/Lt Gravemind/AppData/Local/UnrealEngine/Common/DerivedDataCache/1/4/2/TEXTURE_75F87CE100B546AAB8A1C4132AF9DB17_BGRA8_DF9306DE4061F5006068A38E75B1F6F__A875D856C1C51872C7BC8703A180B69FBA44A93B.udd" 603
"C:/Users/Lt Gravemind/AppData/Local/UnrealEngine/Common/DerivedDataCache/6/8/9/TEXTURE_75F87CE100B546AAB8A1C4132AF9DB17_BGRA8_9AB9B4924B4719688AB16E867ABC995__50BD9AB6307B063FED3C21A9B5D7BC8826845EEA.udd" 604
"C:/Users/Lt Gravemind/AppData/Local/UnrealEngine/Common/DerivedDataCache/1/4/1/TEXTURE_75F87CE100B546AAB8A1C4132AF9DB17_BGRA8_DF22BA344461FFE5A68B7FB0A3CB3A0__C0D7ED8D98D3B63103C6F926813B848A6B96AF9F.udd" 605
"C:/Users/Lt Gravemind/AppData/Local/UnrealEngine/Common/DerivedDataCache/8/5/7/TEXTURE_75F87CE100B546AAB8A1C4132AF9DB17_BGRA8_9D65577C4DABF848E0BD4395BF9D4E7__D9F89352DB39A854142B880BC28F48E19A6ADB6B.udd" 606
"C:/Users/Lt Gravemind/AppData/Local/UnrealEngine/Common/DerivedDataCache/1/2/2/TEXTURE_75F87CE100B546AAB8A1C4132AF9DB17_BGRA8_9AB9B4924B4719688AB16E867ABC995__A9B967448754E35DDEF5AAE117515EEFBC877E13.udd" 607
"C:/Users/Lt Gravemind/AppData/Local/UnrealEngine/Common/DerivedDataCache/7/6/1/TEXTURE_75F87CE100B546AAB8A1C4132AF9DB17_BGRA8_477B63374D866E0229B40E9A717816D__1697CAA079514AFFAAA0F4C97A7EFA2B7AA2036D.udd" 608
"C:/Users/Lt Gravemind/AppData/Local/UnrealEngine/Common/DerivedDataCache/3/7/8/TEXTURE_75F87CE100B546AAB8A1C4132AF9DB17_BGRA8_DF22BA344461FFE5A68B7FB0A3CB3A0__880D6AC1368E9F9CE0BE7018DCCE3C304DF6DDDE.udd" 609
"C:/Users/Lt Gravemind/AppData/Local/UnrealEngine/Common/DerivedDataCache/9/4/1/TEXTURE_75F87CE100B546AAB8A1C4132AF9DB17_BGRA8_477B63374D866E0229B40E9A717816D__6A0C6AD5540942ADE5FAE87A7C33AA0E61AA4139.udd" 610
"../../../Engine/Content/EditorResources/EmptyActor.uasset" 611
"../../../Engine/Content/EditorResources/AudioIcons/S_AudioComponent_AutoActivate.uasset" 612
"../../../../../../Users/Lt Gravemind/Documents/Unreal Projects/DownTheVerse/Content/Maps/ShipEditor.umap" 613
"../../../../../../Users/Lt Gravemind/Documents/Unreal Projects/DownTheVerse/Content/Blueprints/RPGCustomization/RPGModeB.uasset" 614
"../../../../../../Users/Lt Gravemind/Documents/Unreal Projects/DownTheVerse/Content/Blueprints/RPGCustomization/RPGGameStateB.uasset" 615
"../../../../../../Users/Lt Gravemind/Documents/Unreal Projects/DownTheVerse/Content/Blueprints/RPGCustomization/RPGHUDB.uasset" 616
"../../../../../../Users/Lt Gravemind/Documents/Unreal Projects/DownTheVerse/Content/Blueprints/RPGCustomization/RPGPlayerControllerB.uasset" 617
"../../../../../../Users/Lt Gravemind/Documents/Unreal Projects/DownTheVerse/Content/Blueprints/RPGCustomization/RPGUIB.uasset" 618
"C:/Users/Lt Gravemind/AppData/Local/UnrealEngine/Common/DerivedDataCache/7/3/5/TEXTURE_75F87CE100B546AAB8A1C4132AF9DB17_BGRA8_A8D7C28644660467591276A700D0D04__39BF485A5DEA58539CD4E151C2634DA090D66A71.udd" 619
"C:/Users/Lt Gravemind/AppData/Local/UnrealEngine/Common/DerivedDataCache/8/9/6/TEXTURE_75F87CE100B546AAB8A1C4132AF9DB17_AUTODXT_C82584F74EB5A754731C309C0C5F5__031D7FF29EB078D5E0C26724F893CD1687186471.udd" 620
"C:/Users/Lt Gravemind/AppData/Local/UnrealEngine/Common/DerivedDataCache/0/5/7/TEXTURE_75F87CE100B546AAB8A1C4132AF9DB17_DXT1_293EF18444EDB56248EBDBB70F2ABB11__4EF57ADD0381AE46F8A0FEF564ACAED4BD8D8BB1.udd" 621
"../../../../../../Users/Lt Gravemind/Documents/Unreal Projects/DownTheVerse/Content/Maps/RaceTraining.umap" 622
"../../../../../../Users/Lt Gravemind/Documents/Unreal Projects/DownTheVerse/Content/Blueprints/RaceMission/RaceGameModeB.uasset" 623
"../../../../../../Users/Lt Gravemind/Documents/Unreal Projects/DownTheVerse/Content/Blueprints/RaceMission/RaceGameStateB.uasset" 624
"../../../../../../Users/Lt Gravemind/Documents/Unreal Projects/DownTheVerse/Content/Blueprints/RaceMission/RaceGoalB.uasset" 625
"../../../Engine/Content/BasicShapes/Sphere.uasset" 626
"../../../../../../Users/Lt Gravemind/Documents/Unreal Projects/DownTheVerse/Content/Blueprints/RaceMission/RaceHUDB.uasset" 627
"../../../../../../Users/Lt Gravemind/Documents/Unreal Projects/DownTheVerse/Content/Blueprints/FighterMode/CombatHUDB.uasset" 628
"C:/Users/Lt Gravemind/AppData/Local/UnrealEngine/Common/DerivedDataCache/2/0/6/TEXTURE_75F87CE100B546AAB8A1C4132AF9DB17_AUTODXT_B794D54F4095B9AC132B359F2400D__CE2B23921B580AEAC680CA3FC58174C39BB8A763.udd" 629
"C:/Users/Lt Gravemind/AppData/Local/UnrealEngine/Common/DerivedDataCache/6/2/5/TEXTURE_75F87CE100B546AAB8A1C4132AF9DB17_BGRA8_B6B2E3084CD8A39C25DD94AC1732940__DDAD0B1755B030FF0050F359A9E1F6A5F09FA1F8.udd" 630
"C:/Users/Lt Gravemind/AppData/Local/UnrealEngine/Common/DerivedDataCache/7/3/3/TEXTURE_75F87CE100B546AAB8A1C4132AF9DB17_DXT1_DB1A2D6F48ADA17CB112109BA7ECDB9E__BEF2F7035CA9A022726F1D73A43566F03FA4EF19.udd" 631
"../../../../../../Users/Lt Gravemind/Documents/Unreal Projects/DownTheVerse/Content/Maps/CombatTraining.umap" 632
"../../../../../../Users/Lt Gravemind/Documents/Unreal Projects/DownTheVerse/Content/Blueprints/FighterMode/DroneFighterB.uasset" 633
"../../../../../../Users/Lt Gravemind/Documents/Unreal Projects/DownTheVerse/Content/Blueprints/WaveMission/WaveDroneFighterB.uasset" 634
"../../../../../../Users/Lt Gravemind/Documents/Unreal Projects/DownTheVerse/Content/Blueprints/WaveMission/WaveGameStateB.uasset" 635
"../../../../../../Users/Lt Gravemind/Documents/Unreal Projects/DownTheVerse/Content/Blueprints/WaveMission/WaveSpawnerB.uasset" 636
"../../../../../../Users/Lt Gravemind/Documents/Unreal Projects/DownTheVerse/Content/Blueprints/WaveMission/WaveGameModeB.uasset" 637
"../../../../../../Users/Lt Gravemind/Documents/Unreal Projects/DownTheVerse/Content/Blueprints/WaveMission/WaveHUDB.uasset" 638
"../../../Engine/Content/EditorResources/LightIcons/S_LightError.uasset" 639
"../../../../../../Users/Lt Gravemind/Documents/Unreal Projects/DownTheVerse/Content/Models/asteroid.uasset" 640
"C:/Users/Lt Gravemind/AppData/Local/UnrealEngine/Common/DerivedDataCache/7/0/4/STATICMESH_46A8778361B442A9523C54440EA1E9D_2C1BC8F50A7A43818AFE266EB43D9060_FB__B15A9AFE64A1B7714A61EC6BFF8065187E704851.udd" 641
"C:/Users/Lt Gravemind/AppData/Local/UnrealEngine/Common/DerivedDataCache/8/6/4/PHYSX_$7B1F0627AE$2DABEB$2D4206$2D8D78$2DE16BEB5DDC7E$7D_PHYSXPC_91E403D945D32__5DFF9E7D1C7B720C8D9F262A9A574DFD2187D28B.udd" 642
"../../../../../../Users/Lt Gravemind/Documents/Unreal Projects/DownTheVerse/Content/Materials/RaceGoalMatInstance.uasset" 643
"../../../../../../Users/Lt Gravemind/Documents/Unreal Projects/DownTheVerse/Content/Materials/RaceGoalMat.uasset" 644
"C:/Users/Lt Gravemind/AppData/Local/UnrealEngine/Common/DerivedDataCache/6/2/6/MATSM_85DD00DAF10D45C79D4ED0306AF2628B_PCD3D_SM5_2__BC5N_DEV_SL_NODBUFDD556410__8B3C0BF4084646F1C7ECEFF5752F1C975FD28E53.udd" 645
"C:/Users/Lt Gravemind/AppData/Local/UnrealEngine/Common/DerivedDataCache/3/4/5/MATSM_85DD00DAF10D45C79D4ED0306AF2628B_PCD3D_SM4_2__BC5N_DEV_SL_NODBUFDD556410__9407F5370931E16789F5B34984B84F798804D8EE.udd" 646
"../../../../../../Users/Lt Gravemind/Documents/Unreal Projects/DownTheVerse/Content/Blueprints/RPGCustomization/MainMenuControllerB.uasset" 647
